[2023-06-15T10:34:14.232+0000] {taskinstance.py:1087} INFO - Dependencies all met for <TaskInstance: postgres_task.create_table manual__2023-06-15T10:34:13.747919+00:00 [queued]>
[2023-06-15T10:34:14.242+0000] {taskinstance.py:1087} INFO - Dependencies all met for <TaskInstance: postgres_task.create_table manual__2023-06-15T10:34:13.747919+00:00 [queued]>
[2023-06-15T10:34:14.244+0000] {taskinstance.py:1283} INFO - 
--------------------------------------------------------------------------------
[2023-06-15T10:34:14.245+0000] {taskinstance.py:1284} INFO - Starting attempt 1 of 1
[2023-06-15T10:34:14.245+0000] {taskinstance.py:1285} INFO - 
--------------------------------------------------------------------------------
[2023-06-15T10:34:14.259+0000] {taskinstance.py:1304} INFO - Executing <Task(PostgresOperator): create_table> on 2023-06-15 10:34:13.747919+00:00
[2023-06-15T10:34:14.265+0000] {standard_task_runner.py:55} INFO - Started process 390 to run task
[2023-06-15T10:34:14.269+0000] {standard_task_runner.py:82} INFO - Running: ['***', 'tasks', 'run', 'postgres_task', 'create_table', 'manual__2023-06-15T10:34:13.747919+00:00', '--job-id', '34', '--raw', '--subdir', 'DAGS_FOLDER/postgres.py', '--cfg-path', '/tmp/tmpv60c3cma']
[2023-06-15T10:34:14.272+0000] {standard_task_runner.py:83} INFO - Job 34: Subtask create_table
[2023-06-15T10:34:14.339+0000] {task_command.py:389} INFO - Running <TaskInstance: postgres_task.create_table manual__2023-06-15T10:34:13.747919+00:00 [running]> on host 33b865d2e169
[2023-06-15T10:34:14.420+0000] {taskinstance.py:1513} INFO - Exporting the following env vars:
AIRFLOW_CTX_DAG_OWNER=***
AIRFLOW_CTX_DAG_ID=postgres_task
AIRFLOW_CTX_TASK_ID=create_table
AIRFLOW_CTX_EXECUTION_DATE=2023-06-15T10:34:13.747919+00:00
AIRFLOW_CTX_TRY_NUMBER=1
AIRFLOW_CTX_DAG_RUN_ID=manual__2023-06-15T10:34:13.747919+00:00
[2023-06-15T10:34:14.426+0000] {sql.py:253} INFO - Executing: 
            CREATE TABLE IF NOT EXISTS timestamps (
                curr_time TIMESTAMP
            );
        
[2023-06-15T10:34:14.440+0000] {base.py:73} INFO - Using connection ID 'postgres_default' for task execution.
[2023-06-15T10:34:16.158+0000] {base.py:73} INFO - Using connection ID 'postgres_default' for task execution.
[2023-06-15T10:34:16.205+0000] {sql.py:364} INFO - Running statement: 
            CREATE TABLE IF NOT EXISTS timestamps (
                curr_time TIMESTAMP
            );
        , parameters: None
[2023-06-15T10:34:16.243+0000] {taskinstance.py:1327} INFO - Marking task as SUCCESS. dag_id=postgres_task, task_id=create_table, execution_date=20230615T103413, start_date=20230615T103414, end_date=20230615T103416
[2023-06-15T10:34:16.408+0000] {local_task_job.py:159} INFO - Task exited with return code 0
[2023-06-15T10:34:16.557+0000] {taskinstance.py:2582} INFO - 1 downstream tasks scheduled from follow-on schedule check
