[2023-06-15T10:34:17.232+0000] {taskinstance.py:1087} INFO - Dependencies all met for <TaskInstance: postgres_task.insert_records manual__2023-06-15T10:34:13.747919+00:00 [queued]>
[2023-06-15T10:34:17.244+0000] {taskinstance.py:1087} INFO - Dependencies all met for <TaskInstance: postgres_task.insert_records manual__2023-06-15T10:34:13.747919+00:00 [queued]>
[2023-06-15T10:34:17.246+0000] {taskinstance.py:1283} INFO - 
--------------------------------------------------------------------------------
[2023-06-15T10:34:17.247+0000] {taskinstance.py:1284} INFO - Starting attempt 1 of 1
[2023-06-15T10:34:17.247+0000] {taskinstance.py:1285} INFO - 
--------------------------------------------------------------------------------
[2023-06-15T10:34:17.257+0000] {taskinstance.py:1304} INFO - Executing <Task(PostgresOperator): insert_records> on 2023-06-15 10:34:13.747919+00:00
[2023-06-15T10:34:17.263+0000] {standard_task_runner.py:55} INFO - Started process 393 to run task
[2023-06-15T10:34:17.272+0000] {standard_task_runner.py:82} INFO - Running: ['***', 'tasks', 'run', 'postgres_task', 'insert_records', 'manual__2023-06-15T10:34:13.747919+00:00', '--job-id', '35', '--raw', '--subdir', 'DAGS_FOLDER/postgres.py', '--cfg-path', '/tmp/tmpvesjpn9z']
[2023-06-15T10:34:17.275+0000] {standard_task_runner.py:83} INFO - Job 35: Subtask insert_records
[2023-06-15T10:34:17.422+0000] {task_command.py:389} INFO - Running <TaskInstance: postgres_task.insert_records manual__2023-06-15T10:34:13.747919+00:00 [running]> on host 33b865d2e169
[2023-06-15T10:34:17.517+0000] {taskinstance.py:1513} INFO - Exporting the following env vars:
AIRFLOW_CTX_DAG_OWNER=***
AIRFLOW_CTX_DAG_ID=postgres_task
AIRFLOW_CTX_TASK_ID=insert_records
AIRFLOW_CTX_EXECUTION_DATE=2023-06-15T10:34:13.747919+00:00
AIRFLOW_CTX_TRY_NUMBER=1
AIRFLOW_CTX_DAG_RUN_ID=manual__2023-06-15T10:34:13.747919+00:00
[2023-06-15T10:34:17.520+0000] {sql.py:253} INFO - Executing: 
                INSERT INTO timestamps VALUES (CURRENT_TIMESTAMP);   
        
[2023-06-15T10:34:17.538+0000] {base.py:73} INFO - Using connection ID 'postgres_default' for task execution.
[2023-06-15T10:34:17.742+0000] {base.py:73} INFO - Using connection ID 'postgres_default' for task execution.
[2023-06-15T10:34:17.751+0000] {sql.py:364} INFO - Running statement: 
                INSERT INTO timestamps VALUES (CURRENT_TIMESTAMP);   
        , parameters: None
[2023-06-15T10:34:17.756+0000] {sql.py:373} INFO - Rows affected: 1
[2023-06-15T10:34:17.788+0000] {taskinstance.py:1327} INFO - Marking task as SUCCESS. dag_id=postgres_task, task_id=insert_records, execution_date=20230615T103413, start_date=20230615T103417, end_date=20230615T103417
[2023-06-15T10:34:17.850+0000] {local_task_job.py:159} INFO - Task exited with return code 0
[2023-06-15T10:34:17.871+0000] {taskinstance.py:2582} INFO - 0 downstream tasks scheduled from follow-on schedule check
