[2023-06-15T02:14:22.154+0000] {processor.py:153} INFO - Started process (PID=710) to work on /opt/airflow/dags/postgres.py
[2023-06-15T02:14:22.155+0000] {processor.py:743} INFO - Processing file /opt/airflow/dags/postgres.py for tasks to queue
[2023-06-15T02:14:22.157+0000] {logging_mixin.py:137} INFO - [2023-06-15T02:14:22.157+0000] {dagbag.py:538} INFO - Filling up the DagBag from /opt/airflow/dags/postgres.py
[2023-06-15T02:14:22.298+0000] {processor.py:753} INFO - DAG(s) dict_keys(['add_entry_dag']) retrieved from /opt/airflow/dags/postgres.py
[2023-06-15T02:14:22.750+0000] {logging_mixin.py:137} INFO - [2023-06-15T02:14:22.749+0000] {manager.py:504} INFO - Created Permission View: can delete on DAG:add_entry_dag
[2023-06-15T02:14:22.768+0000] {logging_mixin.py:137} INFO - [2023-06-15T02:14:22.768+0000] {manager.py:504} INFO - Created Permission View: can read on DAG:add_entry_dag
[2023-06-15T02:14:22.775+0000] {logging_mixin.py:137} INFO - [2023-06-15T02:14:22.775+0000] {manager.py:504} INFO - Created Permission View: can edit on DAG:add_entry_dag
[2023-06-15T02:14:22.777+0000] {logging_mixin.py:137} INFO - [2023-06-15T02:14:22.777+0000] {dag.py:2676} INFO - Sync 1 DAGs
[2023-06-15T02:14:22.793+0000] {logging_mixin.py:137} INFO - [2023-06-15T02:14:22.792+0000] {dag.py:2697} INFO - Creating ORM DAG for add_entry_dag
[2023-06-15T02:14:22.815+0000] {logging_mixin.py:137} INFO - [2023-06-15T02:14:22.815+0000] {dag.py:3427} INFO - Setting next_dagrun for add_entry_dag to 2023-06-15T02:13:00+00:00, run_after=2023-06-15T02:14:00+00:00
[2023-06-15T02:14:22.852+0000] {processor.py:175} INFO - Processing /opt/airflow/dags/postgres.py took 0.706 seconds
[2023-06-15T02:14:46.365+0000] {processor.py:153} INFO - Started process (PID=735) to work on /opt/airflow/dags/postgres.py
[2023-06-15T02:14:46.368+0000] {processor.py:743} INFO - Processing file /opt/airflow/dags/postgres.py for tasks to queue
[2023-06-15T02:14:46.371+0000] {logging_mixin.py:137} INFO - [2023-06-15T02:14:46.371+0000] {dagbag.py:538} INFO - Filling up the DagBag from /opt/airflow/dags/postgres.py
[2023-06-15T02:14:46.446+0000] {processor.py:753} INFO - DAG(s) dict_keys(['add_execution_entry_dag']) retrieved from /opt/airflow/dags/postgres.py
[2023-06-15T02:14:46.587+0000] {logging_mixin.py:137} INFO - [2023-06-15T02:14:46.587+0000] {manager.py:504} INFO - Created Permission View: can delete on DAG:add_execution_entry_dag
[2023-06-15T02:14:46.594+0000] {logging_mixin.py:137} INFO - [2023-06-15T02:14:46.593+0000] {manager.py:504} INFO - Created Permission View: can read on DAG:add_execution_entry_dag
[2023-06-15T02:14:46.599+0000] {logging_mixin.py:137} INFO - [2023-06-15T02:14:46.599+0000] {manager.py:504} INFO - Created Permission View: can edit on DAG:add_execution_entry_dag
[2023-06-15T02:14:46.600+0000] {logging_mixin.py:137} INFO - [2023-06-15T02:14:46.600+0000] {dag.py:2676} INFO - Sync 1 DAGs
[2023-06-15T02:14:46.617+0000] {logging_mixin.py:137} INFO - [2023-06-15T02:14:46.617+0000] {dag.py:2697} INFO - Creating ORM DAG for add_execution_entry_dag
[2023-06-15T02:14:46.633+0000] {logging_mixin.py:137} INFO - [2023-06-15T02:14:46.632+0000] {dag.py:3427} INFO - Setting next_dagrun for add_execution_entry_dag to 2023-06-15T02:13:00+00:00, run_after=2023-06-15T02:14:00+00:00
[2023-06-15T02:14:46.649+0000] {processor.py:175} INFO - Processing /opt/airflow/dags/postgres.py took 0.291 seconds
[2023-06-15T02:15:16.883+0000] {processor.py:153} INFO - Started process (PID=764) to work on /opt/airflow/dags/postgres.py
[2023-06-15T02:15:16.893+0000] {processor.py:743} INFO - Processing file /opt/airflow/dags/postgres.py for tasks to queue
[2023-06-15T02:15:16.895+0000] {logging_mixin.py:137} INFO - [2023-06-15T02:15:16.895+0000] {dagbag.py:538} INFO - Filling up the DagBag from /opt/airflow/dags/postgres.py
[2023-06-15T02:15:16.944+0000] {processor.py:753} INFO - DAG(s) dict_keys(['add_execution_entry_dag']) retrieved from /opt/airflow/dags/postgres.py
[2023-06-15T02:15:16.990+0000] {logging_mixin.py:137} INFO - [2023-06-15T02:15:16.990+0000] {dag.py:2676} INFO - Sync 1 DAGs
[2023-06-15T02:15:17.016+0000] {logging_mixin.py:137} INFO - [2023-06-15T02:15:17.016+0000] {dag.py:3427} INFO - Setting next_dagrun for add_execution_entry_dag to 2023-06-15T02:15:00+00:00, run_after=2023-06-15T02:16:00+00:00
[2023-06-15T02:15:17.036+0000] {processor.py:175} INFO - Processing /opt/airflow/dags/postgres.py took 0.158 seconds
[2023-06-15T02:15:47.131+0000] {processor.py:153} INFO - Started process (PID=807) to work on /opt/airflow/dags/postgres.py
[2023-06-15T02:15:47.134+0000] {processor.py:743} INFO - Processing file /opt/airflow/dags/postgres.py for tasks to queue
[2023-06-15T02:15:47.136+0000] {logging_mixin.py:137} INFO - [2023-06-15T02:15:47.136+0000] {dagbag.py:538} INFO - Filling up the DagBag from /opt/airflow/dags/postgres.py
[2023-06-15T02:15:47.184+0000] {processor.py:753} INFO - DAG(s) dict_keys(['add_execution_entry_dag']) retrieved from /opt/airflow/dags/postgres.py
[2023-06-15T02:15:47.231+0000] {logging_mixin.py:137} INFO - [2023-06-15T02:15:47.231+0000] {dag.py:2676} INFO - Sync 1 DAGs
[2023-06-15T02:15:47.254+0000] {logging_mixin.py:137} INFO - [2023-06-15T02:15:47.254+0000] {dag.py:3427} INFO - Setting next_dagrun for add_execution_entry_dag to 2023-06-15T02:15:00+00:00, run_after=2023-06-15T02:16:00+00:00
[2023-06-15T02:15:47.267+0000] {processor.py:175} INFO - Processing /opt/airflow/dags/postgres.py took 0.143 seconds
[2023-06-15T02:16:17.507+0000] {processor.py:153} INFO - Started process (PID=838) to work on /opt/airflow/dags/postgres.py
[2023-06-15T02:16:17.510+0000] {processor.py:743} INFO - Processing file /opt/airflow/dags/postgres.py for tasks to queue
[2023-06-15T02:16:17.512+0000] {logging_mixin.py:137} INFO - [2023-06-15T02:16:17.512+0000] {dagbag.py:538} INFO - Filling up the DagBag from /opt/airflow/dags/postgres.py
[2023-06-15T02:16:17.572+0000] {processor.py:753} INFO - DAG(s) dict_keys(['add_execution_entry_dag']) retrieved from /opt/airflow/dags/postgres.py
[2023-06-15T02:16:17.620+0000] {logging_mixin.py:137} INFO - [2023-06-15T02:16:17.620+0000] {dag.py:2676} INFO - Sync 1 DAGs
[2023-06-15T02:16:17.657+0000] {logging_mixin.py:137} INFO - [2023-06-15T02:16:17.657+0000] {dag.py:3427} INFO - Setting next_dagrun for add_execution_entry_dag to 2023-06-15T02:16:00+00:00, run_after=2023-06-15T02:17:00+00:00
[2023-06-15T02:16:17.675+0000] {processor.py:175} INFO - Processing /opt/airflow/dags/postgres.py took 0.173 seconds
[2023-06-15T02:16:47.807+0000] {processor.py:153} INFO - Started process (PID=867) to work on /opt/airflow/dags/postgres.py
[2023-06-15T02:16:47.811+0000] {processor.py:743} INFO - Processing file /opt/airflow/dags/postgres.py for tasks to queue
[2023-06-15T02:16:47.814+0000] {logging_mixin.py:137} INFO - [2023-06-15T02:16:47.813+0000] {dagbag.py:538} INFO - Filling up the DagBag from /opt/airflow/dags/postgres.py
[2023-06-15T02:16:47.867+0000] {processor.py:753} INFO - DAG(s) dict_keys(['add_execution_entry_dag']) retrieved from /opt/airflow/dags/postgres.py
[2023-06-15T02:16:47.925+0000] {logging_mixin.py:137} INFO - [2023-06-15T02:16:47.925+0000] {dag.py:2676} INFO - Sync 1 DAGs
[2023-06-15T02:16:47.958+0000] {logging_mixin.py:137} INFO - [2023-06-15T02:16:47.958+0000] {dag.py:3427} INFO - Setting next_dagrun for add_execution_entry_dag to 2023-06-15T02:16:00+00:00, run_after=2023-06-15T02:17:00+00:00
[2023-06-15T02:16:47.979+0000] {processor.py:175} INFO - Processing /opt/airflow/dags/postgres.py took 0.177 seconds
[2023-06-15T02:17:18.334+0000] {processor.py:153} INFO - Started process (PID=893) to work on /opt/airflow/dags/postgres.py
[2023-06-15T02:17:18.337+0000] {processor.py:743} INFO - Processing file /opt/airflow/dags/postgres.py for tasks to queue
[2023-06-15T02:17:18.339+0000] {logging_mixin.py:137} INFO - [2023-06-15T02:17:18.339+0000] {dagbag.py:538} INFO - Filling up the DagBag from /opt/airflow/dags/postgres.py
[2023-06-15T02:17:18.400+0000] {processor.py:753} INFO - DAG(s) dict_keys(['add_execution_entry_dag']) retrieved from /opt/airflow/dags/postgres.py
[2023-06-15T02:17:18.449+0000] {logging_mixin.py:137} INFO - [2023-06-15T02:17:18.449+0000] {dag.py:2676} INFO - Sync 1 DAGs
[2023-06-15T02:17:18.483+0000] {logging_mixin.py:137} INFO - [2023-06-15T02:17:18.483+0000] {dag.py:3427} INFO - Setting next_dagrun for add_execution_entry_dag to 2023-06-15T02:17:00+00:00, run_after=2023-06-15T02:18:00+00:00
[2023-06-15T02:17:18.499+0000] {processor.py:175} INFO - Processing /opt/airflow/dags/postgres.py took 0.171 seconds
[2023-06-15T02:17:48.631+0000] {processor.py:153} INFO - Started process (PID=931) to work on /opt/airflow/dags/postgres.py
[2023-06-15T02:17:48.638+0000] {processor.py:743} INFO - Processing file /opt/airflow/dags/postgres.py for tasks to queue
[2023-06-15T02:17:48.643+0000] {logging_mixin.py:137} INFO - [2023-06-15T02:17:48.643+0000] {dagbag.py:538} INFO - Filling up the DagBag from /opt/airflow/dags/postgres.py
[2023-06-15T02:17:48.686+0000] {processor.py:753} INFO - DAG(s) dict_keys(['add_execution_entry_dag']) retrieved from /opt/airflow/dags/postgres.py
[2023-06-15T02:17:48.739+0000] {logging_mixin.py:137} INFO - [2023-06-15T02:17:48.739+0000] {dag.py:2676} INFO - Sync 1 DAGs
[2023-06-15T02:17:48.764+0000] {logging_mixin.py:137} INFO - [2023-06-15T02:17:48.764+0000] {dag.py:3427} INFO - Setting next_dagrun for add_execution_entry_dag to 2023-06-15T02:17:00+00:00, run_after=2023-06-15T02:18:00+00:00
[2023-06-15T02:17:48.786+0000] {processor.py:175} INFO - Processing /opt/airflow/dags/postgres.py took 0.162 seconds
[2023-06-15T02:18:19.061+0000] {processor.py:153} INFO - Started process (PID=956) to work on /opt/airflow/dags/postgres.py
[2023-06-15T02:18:19.064+0000] {processor.py:743} INFO - Processing file /opt/airflow/dags/postgres.py for tasks to queue
[2023-06-15T02:18:19.074+0000] {logging_mixin.py:137} INFO - [2023-06-15T02:18:19.073+0000] {dagbag.py:538} INFO - Filling up the DagBag from /opt/airflow/dags/postgres.py
[2023-06-15T02:18:19.123+0000] {processor.py:753} INFO - DAG(s) dict_keys(['add_execution_entry_dag']) retrieved from /opt/airflow/dags/postgres.py
[2023-06-15T02:18:19.164+0000] {logging_mixin.py:137} INFO - [2023-06-15T02:18:19.164+0000] {dag.py:2676} INFO - Sync 1 DAGs
[2023-06-15T02:18:19.196+0000] {logging_mixin.py:137} INFO - [2023-06-15T02:18:19.196+0000] {dag.py:3427} INFO - Setting next_dagrun for add_execution_entry_dag to 2023-06-15T02:18:00+00:00, run_after=2023-06-15T02:19:00+00:00
[2023-06-15T02:18:19.210+0000] {processor.py:175} INFO - Processing /opt/airflow/dags/postgres.py took 0.154 seconds
[2023-06-15T02:18:49.345+0000] {processor.py:153} INFO - Started process (PID=994) to work on /opt/airflow/dags/postgres.py
[2023-06-15T02:18:49.350+0000] {processor.py:743} INFO - Processing file /opt/airflow/dags/postgres.py for tasks to queue
[2023-06-15T02:18:49.369+0000] {logging_mixin.py:137} INFO - [2023-06-15T02:18:49.368+0000] {dagbag.py:538} INFO - Filling up the DagBag from /opt/airflow/dags/postgres.py
[2023-06-15T02:18:49.499+0000] {processor.py:753} INFO - DAG(s) dict_keys(['add_execution_entry_dag']) retrieved from /opt/airflow/dags/postgres.py
[2023-06-15T02:18:49.539+0000] {logging_mixin.py:137} INFO - [2023-06-15T02:18:49.539+0000] {dag.py:2676} INFO - Sync 1 DAGs
[2023-06-15T02:18:49.569+0000] {logging_mixin.py:137} INFO - [2023-06-15T02:18:49.569+0000] {dag.py:3427} INFO - Setting next_dagrun for add_execution_entry_dag to 2023-06-15T02:18:00+00:00, run_after=2023-06-15T02:19:00+00:00
[2023-06-15T02:18:49.582+0000] {processor.py:175} INFO - Processing /opt/airflow/dags/postgres.py took 0.242 seconds
[2023-06-15T02:19:19.670+0000] {processor.py:153} INFO - Started process (PID=1019) to work on /opt/airflow/dags/postgres.py
[2023-06-15T02:19:19.678+0000] {processor.py:743} INFO - Processing file /opt/airflow/dags/postgres.py for tasks to queue
[2023-06-15T02:19:19.687+0000] {logging_mixin.py:137} INFO - [2023-06-15T02:19:19.686+0000] {dagbag.py:538} INFO - Filling up the DagBag from /opt/airflow/dags/postgres.py
[2023-06-15T02:19:19.747+0000] {processor.py:753} INFO - DAG(s) dict_keys(['add_execution_entry_dag']) retrieved from /opt/airflow/dags/postgres.py
[2023-06-15T02:19:19.793+0000] {logging_mixin.py:137} INFO - [2023-06-15T02:19:19.793+0000] {dag.py:2676} INFO - Sync 1 DAGs
[2023-06-15T02:19:19.825+0000] {logging_mixin.py:137} INFO - [2023-06-15T02:19:19.825+0000] {dag.py:3427} INFO - Setting next_dagrun for add_execution_entry_dag to 2023-06-15T02:19:00+00:00, run_after=2023-06-15T02:20:00+00:00
[2023-06-15T02:19:19.840+0000] {processor.py:175} INFO - Processing /opt/airflow/dags/postgres.py took 0.176 seconds
[2023-06-15T02:19:50.124+0000] {processor.py:153} INFO - Started process (PID=1056) to work on /opt/airflow/dags/postgres.py
[2023-06-15T02:19:50.128+0000] {processor.py:743} INFO - Processing file /opt/airflow/dags/postgres.py for tasks to queue
[2023-06-15T02:19:50.131+0000] {logging_mixin.py:137} INFO - [2023-06-15T02:19:50.131+0000] {dagbag.py:538} INFO - Filling up the DagBag from /opt/airflow/dags/postgres.py
[2023-06-15T02:19:50.185+0000] {processor.py:753} INFO - DAG(s) dict_keys(['add_execution_entry_dag']) retrieved from /opt/airflow/dags/postgres.py
[2023-06-15T02:19:50.222+0000] {logging_mixin.py:137} INFO - [2023-06-15T02:19:50.222+0000] {dag.py:2676} INFO - Sync 1 DAGs
[2023-06-15T02:19:50.245+0000] {logging_mixin.py:137} INFO - [2023-06-15T02:19:50.245+0000] {dag.py:3427} INFO - Setting next_dagrun for add_execution_entry_dag to 2023-06-15T02:19:00+00:00, run_after=2023-06-15T02:20:00+00:00
[2023-06-15T02:19:50.257+0000] {processor.py:175} INFO - Processing /opt/airflow/dags/postgres.py took 0.142 seconds
[2023-06-15T02:20:20.491+0000] {processor.py:153} INFO - Started process (PID=1093) to work on /opt/airflow/dags/postgres.py
[2023-06-15T02:20:20.498+0000] {processor.py:743} INFO - Processing file /opt/airflow/dags/postgres.py for tasks to queue
[2023-06-15T02:20:20.501+0000] {logging_mixin.py:137} INFO - [2023-06-15T02:20:20.500+0000] {dagbag.py:538} INFO - Filling up the DagBag from /opt/airflow/dags/postgres.py
[2023-06-15T02:20:20.580+0000] {processor.py:753} INFO - DAG(s) dict_keys(['add_execution_entry_dag']) retrieved from /opt/airflow/dags/postgres.py
[2023-06-15T02:20:20.638+0000] {logging_mixin.py:137} INFO - [2023-06-15T02:20:20.638+0000] {dag.py:2676} INFO - Sync 1 DAGs
[2023-06-15T02:20:20.678+0000] {logging_mixin.py:137} INFO - [2023-06-15T02:20:20.678+0000] {dag.py:3427} INFO - Setting next_dagrun for add_execution_entry_dag to 2023-06-15T02:20:00+00:00, run_after=2023-06-15T02:21:00+00:00
[2023-06-15T02:20:20.712+0000] {processor.py:175} INFO - Processing /opt/airflow/dags/postgres.py took 0.231 seconds
[2023-06-15T02:20:50.787+0000] {processor.py:153} INFO - Started process (PID=1118) to work on /opt/airflow/dags/postgres.py
[2023-06-15T02:20:50.791+0000] {processor.py:743} INFO - Processing file /opt/airflow/dags/postgres.py for tasks to queue
[2023-06-15T02:20:50.793+0000] {logging_mixin.py:137} INFO - [2023-06-15T02:20:50.793+0000] {dagbag.py:538} INFO - Filling up the DagBag from /opt/airflow/dags/postgres.py
[2023-06-15T02:20:50.855+0000] {processor.py:753} INFO - DAG(s) dict_keys(['add_execution_entry_dag']) retrieved from /opt/airflow/dags/postgres.py
[2023-06-15T02:20:50.898+0000] {logging_mixin.py:137} INFO - [2023-06-15T02:20:50.898+0000] {dag.py:2676} INFO - Sync 1 DAGs
[2023-06-15T02:20:50.926+0000] {logging_mixin.py:137} INFO - [2023-06-15T02:20:50.926+0000] {dag.py:3427} INFO - Setting next_dagrun for add_execution_entry_dag to 2023-06-15T02:20:00+00:00, run_after=2023-06-15T02:21:00+00:00
[2023-06-15T02:20:50.942+0000] {processor.py:175} INFO - Processing /opt/airflow/dags/postgres.py took 0.161 seconds
[2023-06-15T02:21:21.220+0000] {processor.py:153} INFO - Started process (PID=1155) to work on /opt/airflow/dags/postgres.py
[2023-06-15T02:21:21.223+0000] {processor.py:743} INFO - Processing file /opt/airflow/dags/postgres.py for tasks to queue
[2023-06-15T02:21:21.225+0000] {logging_mixin.py:137} INFO - [2023-06-15T02:21:21.225+0000] {dagbag.py:538} INFO - Filling up the DagBag from /opt/airflow/dags/postgres.py
[2023-06-15T02:21:21.283+0000] {processor.py:753} INFO - DAG(s) dict_keys(['add_execution_entry_dag']) retrieved from /opt/airflow/dags/postgres.py
[2023-06-15T02:21:21.332+0000] {logging_mixin.py:137} INFO - [2023-06-15T02:21:21.332+0000] {dag.py:2676} INFO - Sync 1 DAGs
[2023-06-15T02:21:21.358+0000] {logging_mixin.py:137} INFO - [2023-06-15T02:21:21.358+0000] {dag.py:3427} INFO - Setting next_dagrun for add_execution_entry_dag to 2023-06-15T02:21:00+00:00, run_after=2023-06-15T02:22:00+00:00
[2023-06-15T02:21:21.383+0000] {processor.py:175} INFO - Processing /opt/airflow/dags/postgres.py took 0.168 seconds
[2023-06-15T02:21:39.458+0000] {processor.py:153} INFO - Started process (PID=1169) to work on /opt/airflow/dags/postgres.py
[2023-06-15T02:21:39.460+0000] {processor.py:743} INFO - Processing file /opt/airflow/dags/postgres.py for tasks to queue
[2023-06-15T02:21:39.462+0000] {logging_mixin.py:137} INFO - [2023-06-15T02:21:39.462+0000] {dagbag.py:538} INFO - Filling up the DagBag from /opt/airflow/dags/postgres.py
[2023-06-15T02:21:39.522+0000] {processor.py:753} INFO - DAG(s) dict_keys(['add_execution_entry_dag']) retrieved from /opt/airflow/dags/postgres.py
[2023-06-15T02:21:39.563+0000] {logging_mixin.py:137} INFO - [2023-06-15T02:21:39.563+0000] {dag.py:2676} INFO - Sync 1 DAGs
[2023-06-15T02:21:39.584+0000] {logging_mixin.py:137} INFO - [2023-06-15T02:21:39.584+0000] {dag.py:3427} INFO - Setting next_dagrun for add_execution_entry_dag to 2023-06-15T02:21:00+00:00, run_after=2023-06-15T02:22:00+00:00
[2023-06-15T02:21:39.610+0000] {processor.py:175} INFO - Processing /opt/airflow/dags/postgres.py took 0.165 seconds
[2023-06-15T02:22:09.828+0000] {processor.py:153} INFO - Started process (PID=1206) to work on /opt/airflow/dags/postgres.py
[2023-06-15T02:22:09.832+0000] {processor.py:743} INFO - Processing file /opt/airflow/dags/postgres.py for tasks to queue
[2023-06-15T02:22:09.835+0000] {logging_mixin.py:137} INFO - [2023-06-15T02:22:09.835+0000] {dagbag.py:538} INFO - Filling up the DagBag from /opt/airflow/dags/postgres.py
[2023-06-15T02:22:09.884+0000] {processor.py:753} INFO - DAG(s) dict_keys(['add_execution_entry_dag']) retrieved from /opt/airflow/dags/postgres.py
[2023-06-15T02:22:09.927+0000] {logging_mixin.py:137} INFO - [2023-06-15T02:22:09.926+0000] {dag.py:2676} INFO - Sync 1 DAGs
[2023-06-15T02:22:09.949+0000] {logging_mixin.py:137} INFO - [2023-06-15T02:22:09.949+0000] {dag.py:3427} INFO - Setting next_dagrun for add_execution_entry_dag to 2023-06-15T02:22:00+00:00, run_after=2023-06-15T02:23:00+00:00
[2023-06-15T02:22:09.961+0000] {processor.py:175} INFO - Processing /opt/airflow/dags/postgres.py took 0.139 seconds
[2023-06-15T10:31:25.551+0000] {processor.py:153} INFO - Started process (PID=166) to work on /opt/airflow/dags/postgres.py
[2023-06-15T10:31:25.557+0000] {processor.py:743} INFO - Processing file /opt/airflow/dags/postgres.py for tasks to queue
[2023-06-15T10:31:25.562+0000] {logging_mixin.py:137} INFO - [2023-06-15T10:31:25.561+0000] {dagbag.py:538} INFO - Filling up the DagBag from /opt/airflow/dags/postgres.py
[2023-06-15T10:31:25.702+0000] {processor.py:753} INFO - DAG(s) dict_keys(['time_task']) retrieved from /opt/airflow/dags/postgres.py
[2023-06-15T10:31:26.237+0000] {logging_mixin.py:137} INFO - [2023-06-15T10:31:26.237+0000] {manager.py:504} INFO - Created Permission View: can read on DAG:time_task
[2023-06-15T10:31:26.246+0000] {logging_mixin.py:137} INFO - [2023-06-15T10:31:26.246+0000] {manager.py:504} INFO - Created Permission View: can delete on DAG:time_task
[2023-06-15T10:31:26.261+0000] {logging_mixin.py:137} INFO - [2023-06-15T10:31:26.261+0000] {manager.py:504} INFO - Created Permission View: can edit on DAG:time_task
[2023-06-15T10:31:26.266+0000] {logging_mixin.py:137} INFO - [2023-06-15T10:31:26.266+0000] {dag.py:2676} INFO - Sync 1 DAGs
[2023-06-15T10:31:26.288+0000] {logging_mixin.py:137} INFO - [2023-06-15T10:31:26.287+0000] {dag.py:2697} INFO - Creating ORM DAG for time_task
[2023-06-15T10:31:26.338+0000] {logging_mixin.py:137} INFO - [2023-06-15T10:31:26.338+0000] {dag.py:3427} INFO - Setting next_dagrun for time_task to 2023-06-14T00:00:00+00:00, run_after=2023-06-15T00:00:00+00:00
[2023-06-15T10:31:26.389+0000] {processor.py:175} INFO - Processing /opt/airflow/dags/postgres.py took 0.852 seconds
[2023-06-15T10:31:57.030+0000] {processor.py:153} INFO - Started process (PID=207) to work on /opt/airflow/dags/postgres.py
[2023-06-15T10:31:57.032+0000] {processor.py:743} INFO - Processing file /opt/airflow/dags/postgres.py for tasks to queue
[2023-06-15T10:31:57.033+0000] {logging_mixin.py:137} INFO - [2023-06-15T10:31:57.033+0000] {dagbag.py:538} INFO - Filling up the DagBag from /opt/airflow/dags/postgres.py
[2023-06-15T10:31:57.088+0000] {processor.py:753} INFO - DAG(s) dict_keys(['time_task']) retrieved from /opt/airflow/dags/postgres.py
[2023-06-15T10:31:57.138+0000] {logging_mixin.py:137} INFO - [2023-06-15T10:31:57.138+0000] {dag.py:2676} INFO - Sync 1 DAGs
[2023-06-15T10:31:57.164+0000] {logging_mixin.py:137} INFO - [2023-06-15T10:31:57.164+0000] {dag.py:3427} INFO - Setting next_dagrun for time_task to 2023-06-14T00:00:00+00:00, run_after=2023-06-15T00:00:00+00:00
[2023-06-15T10:31:57.189+0000] {processor.py:175} INFO - Processing /opt/airflow/dags/postgres.py took 0.163 seconds
[2023-06-15T10:32:27.268+0000] {processor.py:153} INFO - Started process (PID=236) to work on /opt/airflow/dags/postgres.py
[2023-06-15T10:32:27.271+0000] {processor.py:743} INFO - Processing file /opt/airflow/dags/postgres.py for tasks to queue
[2023-06-15T10:32:27.273+0000] {logging_mixin.py:137} INFO - [2023-06-15T10:32:27.273+0000] {dagbag.py:538} INFO - Filling up the DagBag from /opt/airflow/dags/postgres.py
[2023-06-15T10:32:27.334+0000] {processor.py:753} INFO - DAG(s) dict_keys(['time_task']) retrieved from /opt/airflow/dags/postgres.py
[2023-06-15T10:32:27.388+0000] {logging_mixin.py:137} INFO - [2023-06-15T10:32:27.388+0000] {dag.py:2676} INFO - Sync 1 DAGs
[2023-06-15T10:32:27.411+0000] {logging_mixin.py:137} INFO - [2023-06-15T10:32:27.411+0000] {dag.py:3427} INFO - Setting next_dagrun for time_task to 2023-06-14T00:00:00+00:00, run_after=2023-06-15T00:00:00+00:00
[2023-06-15T10:32:27.427+0000] {processor.py:175} INFO - Processing /opt/airflow/dags/postgres.py took 0.172 seconds
[2023-06-15T10:32:57.686+0000] {processor.py:153} INFO - Started process (PID=276) to work on /opt/airflow/dags/postgres.py
[2023-06-15T10:32:57.688+0000] {processor.py:743} INFO - Processing file /opt/airflow/dags/postgres.py for tasks to queue
[2023-06-15T10:32:57.689+0000] {logging_mixin.py:137} INFO - [2023-06-15T10:32:57.689+0000] {dagbag.py:538} INFO - Filling up the DagBag from /opt/airflow/dags/postgres.py
[2023-06-15T10:32:57.774+0000] {processor.py:753} INFO - DAG(s) dict_keys(['time_task']) retrieved from /opt/airflow/dags/postgres.py
[2023-06-15T10:32:57.842+0000] {logging_mixin.py:137} INFO - [2023-06-15T10:32:57.841+0000] {dag.py:2676} INFO - Sync 1 DAGs
[2023-06-15T10:32:57.869+0000] {logging_mixin.py:137} INFO - [2023-06-15T10:32:57.869+0000] {dag.py:3427} INFO - Setting next_dagrun for time_task to 2023-06-14T00:00:00+00:00, run_after=2023-06-15T00:00:00+00:00
[2023-06-15T10:32:57.891+0000] {processor.py:175} INFO - Processing /opt/airflow/dags/postgres.py took 0.208 seconds
[2023-06-15T10:33:14.829+0000] {processor.py:153} INFO - Started process (PID=293) to work on /opt/airflow/dags/postgres.py
[2023-06-15T10:33:14.831+0000] {processor.py:743} INFO - Processing file /opt/airflow/dags/postgres.py for tasks to queue
[2023-06-15T10:33:14.834+0000] {logging_mixin.py:137} INFO - [2023-06-15T10:33:14.834+0000] {dagbag.py:538} INFO - Filling up the DagBag from /opt/airflow/dags/postgres.py
[2023-06-15T10:33:14.893+0000] {processor.py:753} INFO - DAG(s) dict_keys(['postgres_task']) retrieved from /opt/airflow/dags/postgres.py
[2023-06-15T10:33:15.038+0000] {logging_mixin.py:137} INFO - [2023-06-15T10:33:15.038+0000] {manager.py:504} INFO - Created Permission View: can read on DAG:postgres_task
[2023-06-15T10:33:15.046+0000] {logging_mixin.py:137} INFO - [2023-06-15T10:33:15.046+0000] {manager.py:504} INFO - Created Permission View: can delete on DAG:postgres_task
[2023-06-15T10:33:15.052+0000] {logging_mixin.py:137} INFO - [2023-06-15T10:33:15.052+0000] {manager.py:504} INFO - Created Permission View: can edit on DAG:postgres_task
[2023-06-15T10:33:15.054+0000] {logging_mixin.py:137} INFO - [2023-06-15T10:33:15.054+0000] {dag.py:2676} INFO - Sync 1 DAGs
[2023-06-15T10:33:15.065+0000] {logging_mixin.py:137} INFO - [2023-06-15T10:33:15.065+0000] {dag.py:2697} INFO - Creating ORM DAG for postgres_task
[2023-06-15T10:33:15.075+0000] {logging_mixin.py:137} INFO - [2023-06-15T10:33:15.075+0000] {dag.py:3427} INFO - Setting next_dagrun for postgres_task to 2023-06-14T00:00:00+00:00, run_after=2023-06-15T00:00:00+00:00
[2023-06-15T10:33:15.091+0000] {processor.py:175} INFO - Processing /opt/airflow/dags/postgres.py took 0.268 seconds
[2023-06-15T10:33:45.251+0000] {processor.py:153} INFO - Started process (PID=338) to work on /opt/airflow/dags/postgres.py
[2023-06-15T10:33:45.254+0000] {processor.py:743} INFO - Processing file /opt/airflow/dags/postgres.py for tasks to queue
[2023-06-15T10:33:45.258+0000] {logging_mixin.py:137} INFO - [2023-06-15T10:33:45.258+0000] {dagbag.py:538} INFO - Filling up the DagBag from /opt/airflow/dags/postgres.py
[2023-06-15T10:33:45.321+0000] {processor.py:753} INFO - DAG(s) dict_keys(['postgres_task']) retrieved from /opt/airflow/dags/postgres.py
[2023-06-15T10:33:45.372+0000] {logging_mixin.py:137} INFO - [2023-06-15T10:33:45.372+0000] {dag.py:2676} INFO - Sync 1 DAGs
[2023-06-15T10:33:45.396+0000] {logging_mixin.py:137} INFO - [2023-06-15T10:33:45.396+0000] {dag.py:3427} INFO - Setting next_dagrun for postgres_task to 2023-06-15T00:00:00+00:00, run_after=2023-06-16T00:00:00+00:00
[2023-06-15T10:33:45.411+0000] {processor.py:175} INFO - Processing /opt/airflow/dags/postgres.py took 0.163 seconds
[2023-06-15T10:33:56.364+0000] {processor.py:153} INFO - Started process (PID=356) to work on /opt/airflow/dags/postgres.py
[2023-06-15T10:33:56.366+0000] {processor.py:743} INFO - Processing file /opt/airflow/dags/postgres.py for tasks to queue
[2023-06-15T10:33:56.369+0000] {logging_mixin.py:137} INFO - [2023-06-15T10:33:56.368+0000] {dagbag.py:538} INFO - Filling up the DagBag from /opt/airflow/dags/postgres.py
[2023-06-15T10:33:56.422+0000] {processor.py:753} INFO - DAG(s) dict_keys(['postgres_task']) retrieved from /opt/airflow/dags/postgres.py
[2023-06-15T10:33:56.459+0000] {logging_mixin.py:137} INFO - [2023-06-15T10:33:56.459+0000] {dag.py:2676} INFO - Sync 1 DAGs
[2023-06-15T10:33:56.479+0000] {logging_mixin.py:137} INFO - [2023-06-15T10:33:56.478+0000] {dag.py:3427} INFO - Setting next_dagrun for postgres_task to 2023-06-15T00:00:00+00:00, run_after=2023-06-16T00:00:00+00:00
[2023-06-15T10:33:56.494+0000] {processor.py:175} INFO - Processing /opt/airflow/dags/postgres.py took 0.135 seconds
[2023-06-15T10:34:26.777+0000] {processor.py:153} INFO - Started process (PID=409) to work on /opt/airflow/dags/postgres.py
[2023-06-15T10:34:26.780+0000] {processor.py:743} INFO - Processing file /opt/airflow/dags/postgres.py for tasks to queue
[2023-06-15T10:34:26.784+0000] {logging_mixin.py:137} INFO - [2023-06-15T10:34:26.784+0000] {dagbag.py:538} INFO - Filling up the DagBag from /opt/airflow/dags/postgres.py
[2023-06-15T10:34:26.862+0000] {processor.py:753} INFO - DAG(s) dict_keys(['postgres_task']) retrieved from /opt/airflow/dags/postgres.py
[2023-06-15T10:34:26.934+0000] {logging_mixin.py:137} INFO - [2023-06-15T10:34:26.934+0000] {dag.py:2676} INFO - Sync 1 DAGs
[2023-06-15T10:34:26.962+0000] {logging_mixin.py:137} INFO - [2023-06-15T10:34:26.962+0000] {dag.py:3427} INFO - Setting next_dagrun for postgres_task to 2023-06-15T00:00:00+00:00, run_after=2023-06-16T00:00:00+00:00
[2023-06-15T10:34:26.979+0000] {processor.py:175} INFO - Processing /opt/airflow/dags/postgres.py took 0.209 seconds
[2023-06-15T10:34:57.191+0000] {processor.py:153} INFO - Started process (PID=446) to work on /opt/airflow/dags/postgres.py
[2023-06-15T10:34:57.196+0000] {processor.py:743} INFO - Processing file /opt/airflow/dags/postgres.py for tasks to queue
[2023-06-15T10:34:57.198+0000] {logging_mixin.py:137} INFO - [2023-06-15T10:34:57.198+0000] {dagbag.py:538} INFO - Filling up the DagBag from /opt/airflow/dags/postgres.py
[2023-06-15T10:34:57.292+0000] {processor.py:753} INFO - DAG(s) dict_keys(['postgres_task']) retrieved from /opt/airflow/dags/postgres.py
[2023-06-15T10:34:57.379+0000] {logging_mixin.py:137} INFO - [2023-06-15T10:34:57.379+0000] {dag.py:2676} INFO - Sync 1 DAGs
[2023-06-15T10:34:57.426+0000] {logging_mixin.py:137} INFO - [2023-06-15T10:34:57.426+0000] {dag.py:3427} INFO - Setting next_dagrun for postgres_task to 2023-06-15T00:00:00+00:00, run_after=2023-06-16T00:00:00+00:00
[2023-06-15T10:34:57.448+0000] {processor.py:175} INFO - Processing /opt/airflow/dags/postgres.py took 0.262 seconds
[2023-06-15T10:35:27.633+0000] {processor.py:153} INFO - Started process (PID=484) to work on /opt/airflow/dags/postgres.py
[2023-06-15T10:35:27.636+0000] {processor.py:743} INFO - Processing file /opt/airflow/dags/postgres.py for tasks to queue
[2023-06-15T10:35:27.638+0000] {logging_mixin.py:137} INFO - [2023-06-15T10:35:27.638+0000] {dagbag.py:538} INFO - Filling up the DagBag from /opt/airflow/dags/postgres.py
[2023-06-15T10:35:27.688+0000] {processor.py:753} INFO - DAG(s) dict_keys(['postgres_task']) retrieved from /opt/airflow/dags/postgres.py
[2023-06-15T10:35:27.732+0000] {logging_mixin.py:137} INFO - [2023-06-15T10:35:27.732+0000] {dag.py:2676} INFO - Sync 1 DAGs
[2023-06-15T10:35:27.755+0000] {logging_mixin.py:137} INFO - [2023-06-15T10:35:27.755+0000] {dag.py:3427} INFO - Setting next_dagrun for postgres_task to 2023-06-15T00:00:00+00:00, run_after=2023-06-16T00:00:00+00:00
[2023-06-15T10:35:27.768+0000] {processor.py:175} INFO - Processing /opt/airflow/dags/postgres.py took 0.140 seconds
[2023-06-15T10:35:57.924+0000] {processor.py:153} INFO - Started process (PID=525) to work on /opt/airflow/dags/postgres.py
[2023-06-15T10:35:57.927+0000] {processor.py:743} INFO - Processing file /opt/airflow/dags/postgres.py for tasks to queue
[2023-06-15T10:35:57.928+0000] {logging_mixin.py:137} INFO - [2023-06-15T10:35:57.928+0000] {dagbag.py:538} INFO - Filling up the DagBag from /opt/airflow/dags/postgres.py
[2023-06-15T10:35:57.970+0000] {processor.py:753} INFO - DAG(s) dict_keys(['postgres_task']) retrieved from /opt/airflow/dags/postgres.py
[2023-06-15T10:35:58.014+0000] {logging_mixin.py:137} INFO - [2023-06-15T10:35:58.014+0000] {dag.py:2676} INFO - Sync 1 DAGs
[2023-06-15T10:35:58.037+0000] {logging_mixin.py:137} INFO - [2023-06-15T10:35:58.037+0000] {dag.py:3427} INFO - Setting next_dagrun for postgres_task to 2023-06-15T00:00:00+00:00, run_after=2023-06-16T00:00:00+00:00
[2023-06-15T10:35:58.065+0000] {processor.py:175} INFO - Processing /opt/airflow/dags/postgres.py took 0.145 seconds
[2023-06-15T10:36:28.804+0000] {processor.py:153} INFO - Started process (PID=555) to work on /opt/airflow/dags/postgres.py
[2023-06-15T10:36:28.805+0000] {processor.py:743} INFO - Processing file /opt/airflow/dags/postgres.py for tasks to queue
[2023-06-15T10:36:28.809+0000] {logging_mixin.py:137} INFO - [2023-06-15T10:36:28.809+0000] {dagbag.py:538} INFO - Filling up the DagBag from /opt/airflow/dags/postgres.py
[2023-06-15T10:36:28.857+0000] {processor.py:753} INFO - DAG(s) dict_keys(['postgres_task']) retrieved from /opt/airflow/dags/postgres.py
[2023-06-15T10:36:28.896+0000] {logging_mixin.py:137} INFO - [2023-06-15T10:36:28.896+0000] {dag.py:2676} INFO - Sync 1 DAGs
[2023-06-15T10:36:28.918+0000] {logging_mixin.py:137} INFO - [2023-06-15T10:36:28.918+0000] {dag.py:3427} INFO - Setting next_dagrun for postgres_task to 2023-06-15T00:00:00+00:00, run_after=2023-06-16T00:00:00+00:00
[2023-06-15T10:36:28.932+0000] {processor.py:175} INFO - Processing /opt/airflow/dags/postgres.py took 0.131 seconds
[2023-06-15T10:36:34.848+0000] {processor.py:153} INFO - Started process (PID=572) to work on /opt/airflow/dags/postgres.py
[2023-06-15T10:36:34.850+0000] {processor.py:743} INFO - Processing file /opt/airflow/dags/postgres.py for tasks to queue
[2023-06-15T10:36:34.851+0000] {logging_mixin.py:137} INFO - [2023-06-15T10:36:34.851+0000] {dagbag.py:538} INFO - Filling up the DagBag from /opt/airflow/dags/postgres.py
[2023-06-15T10:36:34.921+0000] {processor.py:753} INFO - DAG(s) dict_keys(['postgres_task']) retrieved from /opt/airflow/dags/postgres.py
[2023-06-15T10:36:34.999+0000] {logging_mixin.py:137} INFO - [2023-06-15T10:36:34.999+0000] {dag.py:2676} INFO - Sync 1 DAGs
[2023-06-15T10:36:35.024+0000] {logging_mixin.py:137} INFO - [2023-06-15T10:36:35.024+0000] {dag.py:3427} INFO - Setting next_dagrun for postgres_task to 2023-06-15T00:00:00+00:00, run_after=2023-06-16T00:00:00+00:00
[2023-06-15T10:36:35.045+0000] {processor.py:175} INFO - Processing /opt/airflow/dags/postgres.py took 0.201 seconds
[2023-06-15T10:37:05.153+0000] {processor.py:153} INFO - Started process (PID=605) to work on /opt/airflow/dags/postgres.py
[2023-06-15T10:37:05.155+0000] {processor.py:743} INFO - Processing file /opt/airflow/dags/postgres.py for tasks to queue
[2023-06-15T10:37:05.156+0000] {logging_mixin.py:137} INFO - [2023-06-15T10:37:05.156+0000] {dagbag.py:538} INFO - Filling up the DagBag from /opt/airflow/dags/postgres.py
[2023-06-15T10:37:05.213+0000] {processor.py:753} INFO - DAG(s) dict_keys(['postgres_task']) retrieved from /opt/airflow/dags/postgres.py
[2023-06-15T10:37:05.253+0000] {logging_mixin.py:137} INFO - [2023-06-15T10:37:05.253+0000] {dag.py:2676} INFO - Sync 1 DAGs
[2023-06-15T10:37:05.274+0000] {logging_mixin.py:137} INFO - [2023-06-15T10:37:05.274+0000] {dag.py:3427} INFO - Setting next_dagrun for postgres_task to 2023-06-15T00:00:00+00:00, run_after=2023-06-16T00:00:00+00:00
[2023-06-15T10:37:05.286+0000] {processor.py:175} INFO - Processing /opt/airflow/dags/postgres.py took 0.137 seconds
[2023-06-15T10:37:35.474+0000] {processor.py:153} INFO - Started process (PID=646) to work on /opt/airflow/dags/postgres.py
[2023-06-15T10:37:35.477+0000] {processor.py:743} INFO - Processing file /opt/airflow/dags/postgres.py for tasks to queue
[2023-06-15T10:37:35.478+0000] {logging_mixin.py:137} INFO - [2023-06-15T10:37:35.478+0000] {dagbag.py:538} INFO - Filling up the DagBag from /opt/airflow/dags/postgres.py
[2023-06-15T10:37:35.520+0000] {processor.py:753} INFO - DAG(s) dict_keys(['postgres_task']) retrieved from /opt/airflow/dags/postgres.py
[2023-06-15T10:37:35.562+0000] {logging_mixin.py:137} INFO - [2023-06-15T10:37:35.562+0000] {dag.py:2676} INFO - Sync 1 DAGs
[2023-06-15T10:37:35.586+0000] {logging_mixin.py:137} INFO - [2023-06-15T10:37:35.586+0000] {dag.py:3427} INFO - Setting next_dagrun for postgres_task to 2023-06-15T00:00:00+00:00, run_after=2023-06-16T00:00:00+00:00
[2023-06-15T10:37:35.599+0000] {processor.py:175} INFO - Processing /opt/airflow/dags/postgres.py took 0.130 seconds
[2023-06-15T10:38:05.750+0000] {processor.py:153} INFO - Started process (PID=675) to work on /opt/airflow/dags/postgres.py
[2023-06-15T10:38:05.752+0000] {processor.py:743} INFO - Processing file /opt/airflow/dags/postgres.py for tasks to queue
[2023-06-15T10:38:05.753+0000] {logging_mixin.py:137} INFO - [2023-06-15T10:38:05.753+0000] {dagbag.py:538} INFO - Filling up the DagBag from /opt/airflow/dags/postgres.py
[2023-06-15T10:38:05.809+0000] {processor.py:753} INFO - DAG(s) dict_keys(['postgres_task']) retrieved from /opt/airflow/dags/postgres.py
[2023-06-15T10:38:05.862+0000] {logging_mixin.py:137} INFO - [2023-06-15T10:38:05.862+0000] {dag.py:2676} INFO - Sync 1 DAGs
[2023-06-15T10:38:05.887+0000] {logging_mixin.py:137} INFO - [2023-06-15T10:38:05.887+0000] {dag.py:3427} INFO - Setting next_dagrun for postgres_task to 2023-06-15T00:00:00+00:00, run_after=2023-06-16T00:00:00+00:00
[2023-06-15T10:38:05.901+0000] {processor.py:175} INFO - Processing /opt/airflow/dags/postgres.py took 0.156 seconds
[2023-06-15T10:38:36.419+0000] {processor.py:153} INFO - Started process (PID=716) to work on /opt/airflow/dags/postgres.py
[2023-06-15T10:38:36.422+0000] {processor.py:743} INFO - Processing file /opt/airflow/dags/postgres.py for tasks to queue
[2023-06-15T10:38:36.423+0000] {logging_mixin.py:137} INFO - [2023-06-15T10:38:36.423+0000] {dagbag.py:538} INFO - Filling up the DagBag from /opt/airflow/dags/postgres.py
[2023-06-15T10:38:36.478+0000] {processor.py:753} INFO - DAG(s) dict_keys(['postgres_task']) retrieved from /opt/airflow/dags/postgres.py
[2023-06-15T10:38:36.540+0000] {logging_mixin.py:137} INFO - [2023-06-15T10:38:36.540+0000] {dag.py:2676} INFO - Sync 1 DAGs
[2023-06-15T10:38:36.567+0000] {logging_mixin.py:137} INFO - [2023-06-15T10:38:36.567+0000] {dag.py:3427} INFO - Setting next_dagrun for postgres_task to 2023-06-15T00:00:00+00:00, run_after=2023-06-16T00:00:00+00:00
[2023-06-15T10:38:36.593+0000] {processor.py:175} INFO - Processing /opt/airflow/dags/postgres.py took 0.177 seconds
