[2023-06-15T10:34:12.943+0000] {taskinstance.py:1087} INFO - Dependencies all met for <TaskInstance: postgres_task.insert_records manual__2023-06-15T10:34:11.408216+00:00 [queued]>
[2023-06-15T10:34:12.951+0000] {taskinstance.py:1087} INFO - Dependencies all met for <TaskInstance: postgres_task.insert_records manual__2023-06-15T10:34:11.408216+00:00 [queued]>
[2023-06-15T10:34:12.953+0000] {taskinstance.py:1283} INFO - 
--------------------------------------------------------------------------------
[2023-06-15T10:34:12.954+0000] {taskinstance.py:1284} INFO - Starting attempt 1 of 1
[2023-06-15T10:34:12.955+0000] {taskinstance.py:1285} INFO - 
--------------------------------------------------------------------------------
[2023-06-15T10:34:12.963+0000] {taskinstance.py:1304} INFO - Executing <Task(PostgresOperator): insert_records> on 2023-06-15 10:34:11.408216+00:00
[2023-06-15T10:34:12.969+0000] {standard_task_runner.py:55} INFO - Started process 388 to run task
[2023-06-15T10:34:12.972+0000] {standard_task_runner.py:82} INFO - Running: ['***', 'tasks', 'run', 'postgres_task', 'insert_records', 'manual__2023-06-15T10:34:11.408216+00:00', '--job-id', '33', '--raw', '--subdir', 'DAGS_FOLDER/postgres.py', '--cfg-path', '/tmp/tmp7i509nkf']
[2023-06-15T10:34:12.974+0000] {standard_task_runner.py:83} INFO - Job 33: Subtask insert_records
[2023-06-15T10:34:13.040+0000] {task_command.py:389} INFO - Running <TaskInstance: postgres_task.insert_records manual__2023-06-15T10:34:11.408216+00:00 [running]> on host 33b865d2e169
[2023-06-15T10:34:13.092+0000] {taskinstance.py:1513} INFO - Exporting the following env vars:
AIRFLOW_CTX_DAG_OWNER=***
AIRFLOW_CTX_DAG_ID=postgres_task
AIRFLOW_CTX_TASK_ID=insert_records
AIRFLOW_CTX_EXECUTION_DATE=2023-06-15T10:34:11.408216+00:00
AIRFLOW_CTX_TRY_NUMBER=1
AIRFLOW_CTX_DAG_RUN_ID=manual__2023-06-15T10:34:11.408216+00:00
[2023-06-15T10:34:13.094+0000] {sql.py:253} INFO - Executing: 
                INSERT INTO timestamps VALUES (CURRENT_TIMESTAMP);   
        
[2023-06-15T10:34:13.103+0000] {base.py:73} INFO - Using connection ID 'postgres_default' for task execution.
[2023-06-15T10:34:13.216+0000] {base.py:73} INFO - Using connection ID 'postgres_default' for task execution.
[2023-06-15T10:34:13.222+0000] {sql.py:364} INFO - Running statement: 
                INSERT INTO timestamps VALUES (CURRENT_TIMESTAMP);   
        , parameters: None
[2023-06-15T10:34:13.225+0000] {sql.py:373} INFO - Rows affected: 1
[2023-06-15T10:34:13.235+0000] {taskinstance.py:1327} INFO - Marking task as SUCCESS. dag_id=postgres_task, task_id=insert_records, execution_date=20230615T103411, start_date=20230615T103412, end_date=20230615T103413
[2023-06-15T10:34:13.265+0000] {local_task_job.py:159} INFO - Task exited with return code 0
[2023-06-15T10:34:13.280+0000] {taskinstance.py:2582} INFO - 0 downstream tasks scheduled from follow-on schedule check
