[2023-06-15T02:22:01.162+0000] {taskinstance.py:1087} INFO - Dependencies all met for <TaskInstance: add_execution_entry_dag.create_table_task scheduled__2023-06-15T02:21:00+00:00 [queued]>
[2023-06-15T02:22:01.170+0000] {taskinstance.py:1087} INFO - Dependencies all met for <TaskInstance: add_execution_entry_dag.create_table_task scheduled__2023-06-15T02:21:00+00:00 [queued]>
[2023-06-15T02:22:01.171+0000] {taskinstance.py:1283} INFO - 
--------------------------------------------------------------------------------
[2023-06-15T02:22:01.172+0000] {taskinstance.py:1284} INFO - Starting attempt 1 of 1
[2023-06-15T02:22:01.173+0000] {taskinstance.py:1285} INFO - 
--------------------------------------------------------------------------------
[2023-06-15T02:22:01.182+0000] {taskinstance.py:1304} INFO - Executing <Task(PythonOperator): create_table_task> on 2023-06-15 02:21:00+00:00
[2023-06-15T02:22:01.191+0000] {standard_task_runner.py:55} INFO - Started process 1261 to run task
[2023-06-15T02:22:01.196+0000] {standard_task_runner.py:82} INFO - Running: ['***', 'tasks', 'run', 'add_execution_entry_dag', 'create_table_task', 'scheduled__2023-06-15T02:21:00+00:00', '--job-id', '20', '--raw', '--subdir', 'DAGS_FOLDER/postgres.py', '--cfg-path', '/tmp/tmpmpw30wih']
[2023-06-15T02:22:01.198+0000] {standard_task_runner.py:83} INFO - Job 20: Subtask create_table_task
[2023-06-15T02:22:01.265+0000] {task_command.py:389} INFO - Running <TaskInstance: add_execution_entry_dag.create_table_task scheduled__2023-06-15T02:21:00+00:00 [running]> on host 5bb6e3228243
[2023-06-15T02:22:01.319+0000] {taskinstance.py:1513} INFO - Exporting the following env vars:
AIRFLOW_CTX_DAG_OWNER=***
AIRFLOW_CTX_DAG_ID=add_execution_entry_dag
AIRFLOW_CTX_TASK_ID=create_table_task
AIRFLOW_CTX_EXECUTION_DATE=2023-06-15T02:21:00+00:00
AIRFLOW_CTX_TRY_NUMBER=1
AIRFLOW_CTX_DAG_RUN_ID=scheduled__2023-06-15T02:21:00+00:00
[2023-06-15T02:22:01.329+0000] {base.py:73} INFO - Using connection ID 'postgres_default' for task execution.
[2023-06-15T02:22:01.335+0000] {sql.py:364} INFO - Running statement: CREATE TABLE IF NOT EXISTS postgres_table (execution_time TIMESTAMP), parameters: None
[2023-06-15T02:22:01.337+0000] {python.py:177} INFO - Done. Returned value was: None
[2023-06-15T02:22:01.348+0000] {taskinstance.py:1327} INFO - Marking task as SUCCESS. dag_id=add_execution_entry_dag, task_id=create_table_task, execution_date=20230615T022100, start_date=20230615T022201, end_date=20230615T022201
[2023-06-15T02:22:01.369+0000] {local_task_job.py:159} INFO - Task exited with return code 0
[2023-06-15T02:22:01.395+0000] {taskinstance.py:2582} INFO - 1 downstream tasks scheduled from follow-on schedule check
