[2023-06-15T02:17:00.706+0000] {taskinstance.py:1087} INFO - Dependencies all met for <TaskInstance: add_execution_entry_dag.create_table_task scheduled__2023-06-15T02:16:00+00:00 [queued]>
[2023-06-15T02:17:00.713+0000] {taskinstance.py:1087} INFO - Dependencies all met for <TaskInstance: add_execution_entry_dag.create_table_task scheduled__2023-06-15T02:16:00+00:00 [queued]>
[2023-06-15T02:17:00.714+0000] {taskinstance.py:1283} INFO - 
--------------------------------------------------------------------------------
[2023-06-15T02:17:00.715+0000] {taskinstance.py:1284} INFO - Starting attempt 1 of 1
[2023-06-15T02:17:00.716+0000] {taskinstance.py:1285} INFO - 
--------------------------------------------------------------------------------
[2023-06-15T02:17:00.730+0000] {taskinstance.py:1304} INFO - Executing <Task(PythonOperator): create_table_task> on 2023-06-15 02:16:00+00:00
[2023-06-15T02:17:00.737+0000] {standard_task_runner.py:55} INFO - Started process 928 to run task
[2023-06-15T02:17:00.744+0000] {standard_task_runner.py:82} INFO - Running: ['***', 'tasks', 'run', 'add_execution_entry_dag', 'create_table_task', 'scheduled__2023-06-15T02:16:00+00:00', '--job-id', '10', '--raw', '--subdir', 'DAGS_FOLDER/postgres.py', '--cfg-path', '/tmp/tmpg9hvs018']
[2023-06-15T02:17:00.746+0000] {standard_task_runner.py:83} INFO - Job 10: Subtask create_table_task
[2023-06-15T02:17:00.811+0000] {task_command.py:389} INFO - Running <TaskInstance: add_execution_entry_dag.create_table_task scheduled__2023-06-15T02:16:00+00:00 [running]> on host 5bb6e3228243
[2023-06-15T02:17:00.864+0000] {taskinstance.py:1513} INFO - Exporting the following env vars:
AIRFLOW_CTX_DAG_OWNER=***
AIRFLOW_CTX_DAG_ID=add_execution_entry_dag
AIRFLOW_CTX_TASK_ID=create_table_task
AIRFLOW_CTX_EXECUTION_DATE=2023-06-15T02:16:00+00:00
AIRFLOW_CTX_TRY_NUMBER=1
AIRFLOW_CTX_DAG_RUN_ID=scheduled__2023-06-15T02:16:00+00:00
[2023-06-15T02:17:00.875+0000] {base.py:73} INFO - Using connection ID 'postgres_default' for task execution.
[2023-06-15T02:17:00.880+0000] {sql.py:364} INFO - Running statement: CREATE TABLE IF NOT EXISTS postgres_table (execution_time TIMESTAMP), parameters: None
[2023-06-15T02:17:00.883+0000] {python.py:177} INFO - Done. Returned value was: None
[2023-06-15T02:17:00.896+0000] {taskinstance.py:1327} INFO - Marking task as SUCCESS. dag_id=add_execution_entry_dag, task_id=create_table_task, execution_date=20230615T021600, start_date=20230615T021700, end_date=20230615T021700
[2023-06-15T02:17:00.918+0000] {local_task_job.py:159} INFO - Task exited with return code 0
[2023-06-15T02:17:00.936+0000] {taskinstance.py:2582} INFO - 1 downstream tasks scheduled from follow-on schedule check
