[2023-06-15T02:14:57.973+0000] {taskinstance.py:1087} INFO - Dependencies all met for <TaskInstance: add_execution_entry_dag.add_entry_to_db_task manual__2023-06-15T02:14:54.930147+00:00 [queued]>
[2023-06-15T02:14:57.982+0000] {taskinstance.py:1087} INFO - Dependencies all met for <TaskInstance: add_execution_entry_dag.add_entry_to_db_task manual__2023-06-15T02:14:54.930147+00:00 [queued]>
[2023-06-15T02:14:57.983+0000] {taskinstance.py:1283} INFO - 
--------------------------------------------------------------------------------
[2023-06-15T02:14:57.984+0000] {taskinstance.py:1284} INFO - Starting attempt 1 of 1
[2023-06-15T02:14:57.985+0000] {taskinstance.py:1285} INFO - 
--------------------------------------------------------------------------------
[2023-06-15T02:14:57.993+0000] {taskinstance.py:1304} INFO - Executing <Task(PythonOperator): add_entry_to_db_task> on 2023-06-15 02:14:54.930147+00:00
[2023-06-15T02:14:57.999+0000] {standard_task_runner.py:55} INFO - Started process 777 to run task
[2023-06-15T02:14:58.003+0000] {standard_task_runner.py:82} INFO - Running: ['***', 'tasks', 'run', 'add_execution_entry_dag', 'add_entry_to_db_task', 'manual__2023-06-15T02:14:54.930147+00:00', '--job-id', '5', '--raw', '--subdir', 'DAGS_FOLDER/postgres.py', '--cfg-path', '/tmp/tmp35ty2fu8']
[2023-06-15T02:14:58.005+0000] {standard_task_runner.py:83} INFO - Job 5: Subtask add_entry_to_db_task
[2023-06-15T02:14:58.067+0000] {task_command.py:389} INFO - Running <TaskInstance: add_execution_entry_dag.add_entry_to_db_task manual__2023-06-15T02:14:54.930147+00:00 [running]> on host 5bb6e3228243
[2023-06-15T02:14:58.131+0000] {taskinstance.py:1513} INFO - Exporting the following env vars:
AIRFLOW_CTX_DAG_OWNER=***
AIRFLOW_CTX_DAG_ID=add_execution_entry_dag
AIRFLOW_CTX_TASK_ID=add_entry_to_db_task
AIRFLOW_CTX_EXECUTION_DATE=2023-06-15T02:14:54.930147+00:00
AIRFLOW_CTX_TRY_NUMBER=1
AIRFLOW_CTX_DAG_RUN_ID=manual__2023-06-15T02:14:54.930147+00:00
[2023-06-15T02:14:58.142+0000] {base.py:73} INFO - Using connection ID 'postgres_default' for task execution.
[2023-06-15T02:14:58.147+0000] {sql.py:364} INFO - Running statement: INSERT INTO postgres_table (execution_time) VALUES ('2023-06-15 02:14:58.133731'), parameters: None
[2023-06-15T02:14:58.149+0000] {sql.py:373} INFO - Rows affected: 1
[2023-06-15T02:14:58.150+0000] {python.py:177} INFO - Done. Returned value was: None
[2023-06-15T02:14:58.161+0000] {taskinstance.py:1327} INFO - Marking task as SUCCESS. dag_id=add_execution_entry_dag, task_id=add_entry_to_db_task, execution_date=20230615T021454, start_date=20230615T021457, end_date=20230615T021458
[2023-06-15T02:14:58.217+0000] {local_task_job.py:159} INFO - Task exited with return code 0
[2023-06-15T02:14:58.233+0000] {taskinstance.py:2582} INFO - 0 downstream tasks scheduled from follow-on schedule check
