[2023-06-15T02:19:01.107+0000] {taskinstance.py:1087} INFO - Dependencies all met for <TaskInstance: add_execution_entry_dag.create_table_task scheduled__2023-06-15T02:18:00+00:00 [queued]>
[2023-06-15T02:19:01.116+0000] {taskinstance.py:1087} INFO - Dependencies all met for <TaskInstance: add_execution_entry_dag.create_table_task scheduled__2023-06-15T02:18:00+00:00 [queued]>
[2023-06-15T02:19:01.116+0000] {taskinstance.py:1283} INFO - 
--------------------------------------------------------------------------------
[2023-06-15T02:19:01.117+0000] {taskinstance.py:1284} INFO - Starting attempt 1 of 1
[2023-06-15T02:19:01.118+0000] {taskinstance.py:1285} INFO - 
--------------------------------------------------------------------------------
[2023-06-15T02:19:01.127+0000] {taskinstance.py:1304} INFO - Executing <Task(PythonOperator): create_table_task> on 2023-06-15 02:18:00+00:00
[2023-06-15T02:19:01.133+0000] {standard_task_runner.py:55} INFO - Started process 1057 to run task
[2023-06-15T02:19:01.139+0000] {standard_task_runner.py:82} INFO - Running: ['***', 'tasks', 'run', 'add_execution_entry_dag', 'create_table_task', 'scheduled__2023-06-15T02:18:00+00:00', '--job-id', '14', '--raw', '--subdir', 'DAGS_FOLDER/postgres.py', '--cfg-path', '/tmp/tmpj5gug8r5']
[2023-06-15T02:19:01.141+0000] {standard_task_runner.py:83} INFO - Job 14: Subtask create_table_task
[2023-06-15T02:19:01.217+0000] {task_command.py:389} INFO - Running <TaskInstance: add_execution_entry_dag.create_table_task scheduled__2023-06-15T02:18:00+00:00 [running]> on host 5bb6e3228243
[2023-06-15T02:19:01.273+0000] {taskinstance.py:1513} INFO - Exporting the following env vars:
AIRFLOW_CTX_DAG_OWNER=***
AIRFLOW_CTX_DAG_ID=add_execution_entry_dag
AIRFLOW_CTX_TASK_ID=create_table_task
AIRFLOW_CTX_EXECUTION_DATE=2023-06-15T02:18:00+00:00
AIRFLOW_CTX_TRY_NUMBER=1
AIRFLOW_CTX_DAG_RUN_ID=scheduled__2023-06-15T02:18:00+00:00
[2023-06-15T02:19:01.284+0000] {base.py:73} INFO - Using connection ID 'postgres_default' for task execution.
[2023-06-15T02:19:01.289+0000] {sql.py:364} INFO - Running statement: CREATE TABLE IF NOT EXISTS postgres_table (execution_time TIMESTAMP), parameters: None
[2023-06-15T02:19:01.291+0000] {python.py:177} INFO - Done. Returned value was: None
[2023-06-15T02:19:01.303+0000] {taskinstance.py:1327} INFO - Marking task as SUCCESS. dag_id=add_execution_entry_dag, task_id=create_table_task, execution_date=20230615T021800, start_date=20230615T021901, end_date=20230615T021901
[2023-06-15T02:19:01.350+0000] {local_task_job.py:159} INFO - Task exited with return code 0
[2023-06-15T02:19:01.368+0000] {taskinstance.py:2582} INFO - 1 downstream tasks scheduled from follow-on schedule check
