[2023-06-15T02:04:21.220+0000] {manager.py:483} INFO - Processing files using up to 2 processes at a time 
[2023-06-15T02:04:21.229+0000] {manager.py:484} INFO - Process each file at most once every 30 seconds
[2023-06-15T02:04:21.241+0000] {manager.py:486} INFO - Checking for new files in /opt/airflow/dags every 300 seconds
[2023-06-15T02:04:21.246+0000] {manager.py:726} INFO - Searching for files in /opt/airflow/dags
[2023-06-15T02:04:21.259+0000] {manager.py:729} INFO - There are 0 files in /opt/airflow/dags
[2023-06-15T02:09:21.920+0000] {manager.py:726} INFO - Searching for files in /opt/airflow/dags
[2023-06-15T02:09:21.939+0000] {manager.py:729} INFO - There are 0 files in /opt/airflow/dags
[2023-06-15T02:14:22.022+0000] {manager.py:726} INFO - Searching for files in /opt/airflow/dags
[2023-06-15T02:14:22.069+0000] {manager.py:729} INFO - There are 1 files in /opt/airflow/dags
[2023-06-15T02:14:26.951+0000] {manager.py:851} INFO - 
================================================================================
DAG File Processing Stats

File Path                      PID    Runtime      # DAGs    # Errors  Last Runtime    Last Run
-----------------------------  -----  ---------  --------  ----------  --------------  -------------------
/opt/airflow/dags/postgres.py                           1           0  0.80s           2023-06-15T02:14:22
================================================================================
[2023-06-15T02:14:57.400+0000] {manager.py:851} INFO - 
================================================================================
DAG File Processing Stats

File Path                      PID    Runtime      # DAGs    # Errors  Last Runtime    Last Run
-----------------------------  -----  ---------  --------  ----------  --------------  -------------------
/opt/airflow/dags/postgres.py                           1           0  0.36s           2023-06-15T02:14:46
================================================================================
[2023-06-15T02:15:27.136+0000] {manager.py:520} INFO - DAG add_entry_dag is missing and will be deactivated.
[2023-06-15T02:15:27.161+0000] {manager.py:530} INFO - Deactivated 1 DAGs which are no longer present in file.
[2023-06-15T02:15:27.169+0000] {manager.py:534} INFO - Deleted DAG add_entry_dag in serialized_dag table
[2023-06-15T02:15:27.939+0000] {manager.py:851} INFO - 
================================================================================
DAG File Processing Stats

File Path                      PID    Runtime      # DAGs    # Errors  Last Runtime    Last Run
-----------------------------  -----  ---------  --------  ----------  --------------  -------------------
/opt/airflow/dags/postgres.py                           1           0  0.20s           2023-06-15T02:15:17
================================================================================
[2023-06-15T02:15:58.325+0000] {manager.py:851} INFO - 
================================================================================
DAG File Processing Stats

File Path                      PID    Runtime      # DAGs    # Errors  Last Runtime    Last Run
-----------------------------  -----  ---------  --------  ----------  --------------  -------------------
/opt/airflow/dags/postgres.py                           1           0  0.20s           2023-06-15T02:15:47
================================================================================
[2023-06-15T02:16:28.612+0000] {manager.py:851} INFO - 
================================================================================
DAG File Processing Stats

File Path                      PID    Runtime      # DAGs    # Errors  Last Runtime    Last Run
-----------------------------  -----  ---------  --------  ----------  --------------  -------------------
/opt/airflow/dags/postgres.py                           1           0  0.23s           2023-06-15T02:16:17
================================================================================
[2023-06-15T02:16:59.098+0000] {manager.py:851} INFO - 
================================================================================
DAG File Processing Stats

File Path                      PID    Runtime      # DAGs    # Errors  Last Runtime    Last Run
-----------------------------  -----  ---------  --------  ----------  --------------  -------------------
/opt/airflow/dags/postgres.py                           1           0  0.23s           2023-06-15T02:16:47
================================================================================
[2023-06-15T02:17:29.426+0000] {manager.py:851} INFO - 
================================================================================
DAG File Processing Stats

File Path                      PID    Runtime      # DAGs    # Errors  Last Runtime    Last Run
-----------------------------  -----  ---------  --------  ----------  --------------  -------------------
/opt/airflow/dags/postgres.py                           1           0  0.23s           2023-06-15T02:17:18
================================================================================
[2023-06-15T02:17:59.877+0000] {manager.py:851} INFO - 
================================================================================
DAG File Processing Stats

File Path                      PID    Runtime      # DAGs    # Errors  Last Runtime    Last Run
-----------------------------  -----  ---------  --------  ----------  --------------  -------------------
/opt/airflow/dags/postgres.py                           1           0  0.22s           2023-06-15T02:17:48
================================================================================
[2023-06-15T02:18:30.156+0000] {manager.py:851} INFO - 
================================================================================
DAG File Processing Stats

File Path                      PID    Runtime      # DAGs    # Errors  Last Runtime    Last Run
-----------------------------  -----  ---------  --------  ----------  --------------  -------------------
/opt/airflow/dags/postgres.py                           1           0  0.20s           2023-06-15T02:18:19
================================================================================
[2023-06-15T02:19:00.479+0000] {manager.py:851} INFO - 
================================================================================
DAG File Processing Stats

File Path                      PID    Runtime      # DAGs    # Errors  Last Runtime    Last Run
-----------------------------  -----  ---------  --------  ----------  --------------  -------------------
/opt/airflow/dags/postgres.py                           1           0  0.30s           2023-06-15T02:18:49
================================================================================
[2023-06-15T02:19:22.795+0000] {manager.py:726} INFO - Searching for files in /opt/airflow/dags
[2023-06-15T02:19:22.823+0000] {manager.py:729} INFO - There are 1 files in /opt/airflow/dags
[2023-06-15T02:19:30.908+0000] {manager.py:851} INFO - 
================================================================================
DAG File Processing Stats

File Path                      PID    Runtime      # DAGs    # Errors  Last Runtime    Last Run
-----------------------------  -----  ---------  --------  ----------  --------------  -------------------
/opt/airflow/dags/postgres.py                           1           0  0.23s           2023-06-15T02:19:19
================================================================================
[2023-06-15T02:20:01.194+0000] {manager.py:851} INFO - 
================================================================================
DAG File Processing Stats

File Path                      PID    Runtime      # DAGs    # Errors  Last Runtime    Last Run
-----------------------------  -----  ---------  --------  ----------  --------------  -------------------
/opt/airflow/dags/postgres.py                           1           0  0.20s           2023-06-15T02:19:50
================================================================================
[2023-06-15T02:20:31.559+0000] {manager.py:851} INFO - 
================================================================================
DAG File Processing Stats

File Path                      PID    Runtime      # DAGs    # Errors  Last Runtime    Last Run
-----------------------------  -----  ---------  --------  ----------  --------------  -------------------
/opt/airflow/dags/postgres.py                           1           0  0.33s           2023-06-15T02:20:20
================================================================================
[2023-06-15T02:21:02.022+0000] {manager.py:851} INFO - 
================================================================================
DAG File Processing Stats

File Path                      PID    Runtime      # DAGs    # Errors  Last Runtime    Last Run
-----------------------------  -----  ---------  --------  ----------  --------------  -------------------
/opt/airflow/dags/postgres.py                           1           0  0.22s           2023-06-15T02:20:50
================================================================================
[2023-06-15T02:21:32.300+0000] {manager.py:851} INFO - 
================================================================================
DAG File Processing Stats

File Path                      PID    Runtime      # DAGs    # Errors  Last Runtime    Last Run
-----------------------------  -----  ---------  --------  ----------  --------------  -------------------
/opt/airflow/dags/postgres.py                           1           0  0.23s           2023-06-15T02:21:21
================================================================================
[2023-06-15T02:22:02.706+0000] {manager.py:851} INFO - 
================================================================================
DAG File Processing Stats

File Path                      PID    Runtime      # DAGs    # Errors  Last Runtime    Last Run
-----------------------------  -----  ---------  --------  ----------  --------------  -------------------
/opt/airflow/dags/postgres.py                           1           0  0.23s           2023-06-15T02:21:39
================================================================================
[2023-06-15T02:22:14.882+0000] {manager.py:465} INFO - Exiting gracefully upon receiving signal 15
[2023-06-15T10:31:25.323+0000] {manager.py:483} INFO - Processing files using up to 2 processes at a time 
[2023-06-15T10:31:25.337+0000] {manager.py:484} INFO - Process each file at most once every 30 seconds
[2023-06-15T10:31:25.346+0000] {manager.py:486} INFO - Checking for new files in /opt/airflow/dags every 300 seconds
[2023-06-15T10:31:25.351+0000] {manager.py:726} INFO - Searching for files in /opt/airflow/dags
[2023-06-15T10:31:25.396+0000] {manager.py:729} INFO - There are 1 files in /opt/airflow/dags
[2023-06-15T10:31:25.550+0000] {manager.py:851} INFO - 
================================================================================
DAG File Processing Stats

File Path                        PID  Runtime      # DAGs    # Errors  Last Runtime    Last Run
-----------------------------  -----  ---------  --------  ----------  --------------  ----------
/opt/airflow/dags/postgres.py    166  0.05s             0           0
================================================================================
[2023-06-15T10:31:55.982+0000] {manager.py:851} INFO - 
================================================================================
DAG File Processing Stats

File Path                      PID    Runtime      # DAGs    # Errors  Last Runtime    Last Run
-----------------------------  -----  ---------  --------  ----------  --------------  -------------------
/opt/airflow/dags/postgres.py                           1           0  0.96s           2023-06-15T10:31:26
================================================================================
[2023-06-15T10:32:26.166+0000] {manager.py:520} INFO - DAG add_execution_entry_dag is missing and will be deactivated.
[2023-06-15T10:32:26.198+0000] {manager.py:530} INFO - Deactivated 1 DAGs which are no longer present in file.
[2023-06-15T10:32:26.203+0000] {manager.py:534} INFO - Deleted DAG add_execution_entry_dag in serialized_dag table
[2023-06-15T10:32:26.212+0000] {manager.py:851} INFO - 
================================================================================
DAG File Processing Stats

File Path                      PID    Runtime      # DAGs    # Errors  Last Runtime    Last Run
-----------------------------  -----  ---------  --------  ----------  --------------  -------------------
/opt/airflow/dags/postgres.py                           1           0  0.21s           2023-06-15T10:31:57
================================================================================
[2023-06-15T10:32:56.624+0000] {manager.py:851} INFO - 
================================================================================
DAG File Processing Stats

File Path                      PID    Runtime      # DAGs    # Errors  Last Runtime    Last Run
-----------------------------  -----  ---------  --------  ----------  --------------  -------------------
/opt/airflow/dags/postgres.py                           1           0  0.22s           2023-06-15T10:32:27
================================================================================
[2023-06-15T10:33:27.070+0000] {manager.py:851} INFO - 
================================================================================
DAG File Processing Stats

File Path                      PID    Runtime      # DAGs    # Errors  Last Runtime    Last Run
-----------------------------  -----  ---------  --------  ----------  --------------  -------------------
/opt/airflow/dags/postgres.py                           1           0  0.32s           2023-06-15T10:33:15
================================================================================
[2023-06-15T10:33:57.478+0000] {manager.py:851} INFO - 
================================================================================
DAG File Processing Stats

File Path                      PID    Runtime      # DAGs    # Errors  Last Runtime    Last Run
-----------------------------  -----  ---------  --------  ----------  --------------  -------------------
/opt/airflow/dags/postgres.py                           1           0  0.17s           2023-06-15T10:33:56
================================================================================
[2023-06-15T10:34:27.771+0000] {manager.py:520} INFO - DAG time_task is missing and will be deactivated.
[2023-06-15T10:34:27.780+0000] {manager.py:530} INFO - Deactivated 1 DAGs which are no longer present in file.
[2023-06-15T10:34:27.784+0000] {manager.py:534} INFO - Deleted DAG time_task in serialized_dag table
[2023-06-15T10:34:27.791+0000] {manager.py:851} INFO - 
================================================================================
DAG File Processing Stats

File Path                      PID    Runtime      # DAGs    # Errors  Last Runtime    Last Run
-----------------------------  -----  ---------  --------  ----------  --------------  -------------------
/opt/airflow/dags/postgres.py                           1           0  0.29s           2023-06-15T10:34:26
================================================================================
[2023-06-15T10:34:58.143+0000] {manager.py:851} INFO - 
================================================================================
DAG File Processing Stats

File Path                      PID    Runtime      # DAGs    # Errors  Last Runtime    Last Run
-----------------------------  -----  ---------  --------  ----------  --------------  -------------------
/opt/airflow/dags/postgres.py                           1           0  0.35s           2023-06-15T10:34:57
================================================================================
[2023-06-15T10:35:28.615+0000] {manager.py:851} INFO - 
================================================================================
DAG File Processing Stats

File Path                      PID    Runtime      # DAGs    # Errors  Last Runtime    Last Run
-----------------------------  -----  ---------  --------  ----------  --------------  -------------------
/opt/airflow/dags/postgres.py                           1           0  0.20s           2023-06-15T10:35:27
================================================================================
[2023-06-15T10:35:58.901+0000] {manager.py:851} INFO - 
================================================================================
DAG File Processing Stats

File Path                      PID    Runtime      # DAGs    # Errors  Last Runtime    Last Run
-----------------------------  -----  ---------  --------  ----------  --------------  -------------------
/opt/airflow/dags/postgres.py                           1           0  0.20s           2023-06-15T10:35:58
================================================================================
[2023-06-15T10:36:25.693+0000] {manager.py:726} INFO - Searching for files in /opt/airflow/dags
[2023-06-15T10:36:25.728+0000] {manager.py:729} INFO - There are 1 files in /opt/airflow/dags
[2023-06-15T10:36:28.951+0000] {manager.py:851} INFO - 
================================================================================
DAG File Processing Stats

File Path                      PID    Runtime      # DAGs    # Errors  Last Runtime    Last Run
-----------------------------  -----  ---------  --------  ----------  --------------  -------------------
/opt/airflow/dags/postgres.py                           1           0  0.18s           2023-06-15T10:36:28
================================================================================
[2023-06-15T10:36:59.087+0000] {manager.py:851} INFO - 
================================================================================
DAG File Processing Stats

File Path                      PID    Runtime      # DAGs    # Errors  Last Runtime    Last Run
-----------------------------  -----  ---------  --------  ----------  --------------  -------------------
/opt/airflow/dags/postgres.py                           1           0  0.24s           2023-06-15T10:36:35
================================================================================
[2023-06-15T10:37:29.408+0000] {manager.py:851} INFO - 
================================================================================
DAG File Processing Stats

File Path                      PID    Runtime      # DAGs    # Errors  Last Runtime    Last Run
-----------------------------  -----  ---------  --------  ----------  --------------  -------------------
/opt/airflow/dags/postgres.py                           1           0  0.18s           2023-06-15T10:37:05
================================================================================
[2023-06-15T10:37:59.564+0000] {manager.py:851} INFO - 
================================================================================
DAG File Processing Stats

File Path                      PID    Runtime      # DAGs    # Errors  Last Runtime    Last Run
-----------------------------  -----  ---------  --------  ----------  --------------  -------------------
/opt/airflow/dags/postgres.py                           1           0  0.17s           2023-06-15T10:37:35
================================================================================
[2023-06-15T10:38:30.325+0000] {manager.py:851} INFO - 
================================================================================
DAG File Processing Stats

File Path                      PID    Runtime      # DAGs    # Errors  Last Runtime    Last Run
-----------------------------  -----  ---------  --------  ----------  --------------  -------------------
/opt/airflow/dags/postgres.py                           1           0  0.20s           2023-06-15T10:38:05
================================================================================
[2023-06-15T10:38:42.709+0000] {manager.py:465} INFO - Exiting gracefully upon receiving signal 15
