[2023-06-15T10:34:11.979+0000] {taskinstance.py:1087} INFO - Dependencies all met for <TaskInstance: postgres_task.insert_records manual__2023-06-15T10:34:08.902130+00:00 [queued]>
[2023-06-15T10:34:11.990+0000] {taskinstance.py:1087} INFO - Dependencies all met for <TaskInstance: postgres_task.insert_records manual__2023-06-15T10:34:08.902130+00:00 [queued]>
[2023-06-15T10:34:11.991+0000] {taskinstance.py:1283} INFO - 
--------------------------------------------------------------------------------
[2023-06-15T10:34:11.994+0000] {taskinstance.py:1284} INFO - Starting attempt 1 of 1
[2023-06-15T10:34:11.999+0000] {taskinstance.py:1285} INFO - 
--------------------------------------------------------------------------------
[2023-06-15T10:34:12.020+0000] {taskinstance.py:1304} INFO - Executing <Task(PostgresOperator): insert_records> on 2023-06-15 10:34:08.902130+00:00
[2023-06-15T10:34:12.030+0000] {standard_task_runner.py:55} INFO - Started process 386 to run task
[2023-06-15T10:34:12.036+0000] {standard_task_runner.py:82} INFO - Running: ['***', 'tasks', 'run', 'postgres_task', 'insert_records', 'manual__2023-06-15T10:34:08.902130+00:00', '--job-id', '32', '--raw', '--subdir', 'DAGS_FOLDER/postgres.py', '--cfg-path', '/tmp/tmpkyjyzl7z']
[2023-06-15T10:34:12.041+0000] {standard_task_runner.py:83} INFO - Job 32: Subtask insert_records
[2023-06-15T10:34:12.104+0000] {task_command.py:389} INFO - Running <TaskInstance: postgres_task.insert_records manual__2023-06-15T10:34:08.902130+00:00 [running]> on host 33b865d2e169
[2023-06-15T10:34:12.162+0000] {taskinstance.py:1513} INFO - Exporting the following env vars:
AIRFLOW_CTX_DAG_OWNER=***
AIRFLOW_CTX_DAG_ID=postgres_task
AIRFLOW_CTX_TASK_ID=insert_records
AIRFLOW_CTX_EXECUTION_DATE=2023-06-15T10:34:08.902130+00:00
AIRFLOW_CTX_TRY_NUMBER=1
AIRFLOW_CTX_DAG_RUN_ID=manual__2023-06-15T10:34:08.902130+00:00
[2023-06-15T10:34:12.166+0000] {sql.py:253} INFO - Executing: 
                INSERT INTO timestamps VALUES (CURRENT_TIMESTAMP);   
        
[2023-06-15T10:34:12.177+0000] {base.py:73} INFO - Using connection ID 'postgres_default' for task execution.
[2023-06-15T10:34:12.293+0000] {base.py:73} INFO - Using connection ID 'postgres_default' for task execution.
[2023-06-15T10:34:12.300+0000] {sql.py:364} INFO - Running statement: 
                INSERT INTO timestamps VALUES (CURRENT_TIMESTAMP);   
        , parameters: None
[2023-06-15T10:34:12.302+0000] {sql.py:373} INFO - Rows affected: 1
[2023-06-15T10:34:12.316+0000] {taskinstance.py:1327} INFO - Marking task as SUCCESS. dag_id=postgres_task, task_id=insert_records, execution_date=20230615T103408, start_date=20230615T103411, end_date=20230615T103412
[2023-06-15T10:34:12.369+0000] {local_task_job.py:159} INFO - Task exited with return code 0
[2023-06-15T10:34:12.385+0000] {taskinstance.py:2582} INFO - 0 downstream tasks scheduled from follow-on schedule check
