[2023-06-15T10:34:07.925+0000] {taskinstance.py:1087} INFO - Dependencies all met for <TaskInstance: postgres_task.create_table manual__2023-06-15T10:34:06.575957+00:00 [queued]>
[2023-06-15T10:34:07.942+0000] {taskinstance.py:1087} INFO - Dependencies all met for <TaskInstance: postgres_task.create_table manual__2023-06-15T10:34:06.575957+00:00 [queued]>
[2023-06-15T10:34:07.944+0000] {taskinstance.py:1283} INFO - 
--------------------------------------------------------------------------------
[2023-06-15T10:34:07.949+0000] {taskinstance.py:1284} INFO - Starting attempt 1 of 1
[2023-06-15T10:34:07.953+0000] {taskinstance.py:1285} INFO - 
--------------------------------------------------------------------------------
[2023-06-15T10:34:07.975+0000] {taskinstance.py:1304} INFO - Executing <Task(PostgresOperator): create_table> on 2023-06-15 10:34:06.575957+00:00
[2023-06-15T10:34:07.984+0000] {standard_task_runner.py:55} INFO - Started process 378 to run task
[2023-06-15T10:34:08.017+0000] {standard_task_runner.py:82} INFO - Running: ['***', 'tasks', 'run', 'postgres_task', 'create_table', 'manual__2023-06-15T10:34:06.575957+00:00', '--job-id', '28', '--raw', '--subdir', 'DAGS_FOLDER/postgres.py', '--cfg-path', '/tmp/tmpciru_y20']
[2023-06-15T10:34:08.026+0000] {standard_task_runner.py:83} INFO - Job 28: Subtask create_table
[2023-06-15T10:34:08.247+0000] {task_command.py:389} INFO - Running <TaskInstance: postgres_task.create_table manual__2023-06-15T10:34:06.575957+00:00 [running]> on host 33b865d2e169
[2023-06-15T10:34:08.489+0000] {taskinstance.py:1513} INFO - Exporting the following env vars:
AIRFLOW_CTX_DAG_OWNER=***
AIRFLOW_CTX_DAG_ID=postgres_task
AIRFLOW_CTX_TASK_ID=create_table
AIRFLOW_CTX_EXECUTION_DATE=2023-06-15T10:34:06.575957+00:00
AIRFLOW_CTX_TRY_NUMBER=1
AIRFLOW_CTX_DAG_RUN_ID=manual__2023-06-15T10:34:06.575957+00:00
[2023-06-15T10:34:08.492+0000] {sql.py:253} INFO - Executing: 
            CREATE TABLE IF NOT EXISTS timestamps (
                curr_time TIMESTAMP
            );
        
[2023-06-15T10:34:08.525+0000] {base.py:73} INFO - Using connection ID 'postgres_default' for task execution.
[2023-06-15T10:34:09.193+0000] {base.py:73} INFO - Using connection ID 'postgres_default' for task execution.
[2023-06-15T10:34:09.203+0000] {sql.py:364} INFO - Running statement: 
            CREATE TABLE IF NOT EXISTS timestamps (
                curr_time TIMESTAMP
            );
        , parameters: None
[2023-06-15T10:34:09.229+0000] {taskinstance.py:1327} INFO - Marking task as SUCCESS. dag_id=postgres_task, task_id=create_table, execution_date=20230615T103406, start_date=20230615T103407, end_date=20230615T103409
[2023-06-15T10:34:09.316+0000] {local_task_job.py:159} INFO - Task exited with return code 0
[2023-06-15T10:34:09.396+0000] {taskinstance.py:2582} INFO - 1 downstream tasks scheduled from follow-on schedule check
