[2023-06-15T10:34:17.231+0000] {taskinstance.py:1087} INFO - Dependencies all met for <TaskInstance: postgres_task.create_table manual__2023-06-15T10:34:16.026454+00:00 [queued]>
[2023-06-15T10:34:17.242+0000] {taskinstance.py:1087} INFO - Dependencies all met for <TaskInstance: postgres_task.create_table manual__2023-06-15T10:34:16.026454+00:00 [queued]>
[2023-06-15T10:34:17.243+0000] {taskinstance.py:1283} INFO - 
--------------------------------------------------------------------------------
[2023-06-15T10:34:17.245+0000] {taskinstance.py:1284} INFO - Starting attempt 1 of 1
[2023-06-15T10:34:17.246+0000] {taskinstance.py:1285} INFO - 
--------------------------------------------------------------------------------
[2023-06-15T10:34:17.257+0000] {taskinstance.py:1304} INFO - Executing <Task(PostgresOperator): create_table> on 2023-06-15 10:34:16.026454+00:00
[2023-06-15T10:34:17.266+0000] {standard_task_runner.py:55} INFO - Started process 394 to run task
[2023-06-15T10:34:17.271+0000] {standard_task_runner.py:82} INFO - Running: ['***', 'tasks', 'run', 'postgres_task', 'create_table', 'manual__2023-06-15T10:34:16.026454+00:00', '--job-id', '36', '--raw', '--subdir', 'DAGS_FOLDER/postgres.py', '--cfg-path', '/tmp/tmppio3fbow']
[2023-06-15T10:34:17.275+0000] {standard_task_runner.py:83} INFO - Job 36: Subtask create_table
[2023-06-15T10:34:17.421+0000] {task_command.py:389} INFO - Running <TaskInstance: postgres_task.create_table manual__2023-06-15T10:34:16.026454+00:00 [running]> on host 33b865d2e169
[2023-06-15T10:34:17.517+0000] {taskinstance.py:1513} INFO - Exporting the following env vars:
AIRFLOW_CTX_DAG_OWNER=***
AIRFLOW_CTX_DAG_ID=postgres_task
AIRFLOW_CTX_TASK_ID=create_table
AIRFLOW_CTX_EXECUTION_DATE=2023-06-15T10:34:16.026454+00:00
AIRFLOW_CTX_TRY_NUMBER=1
AIRFLOW_CTX_DAG_RUN_ID=manual__2023-06-15T10:34:16.026454+00:00
[2023-06-15T10:34:17.520+0000] {sql.py:253} INFO - Executing: 
            CREATE TABLE IF NOT EXISTS timestamps (
                curr_time TIMESTAMP
            );
        
[2023-06-15T10:34:17.539+0000] {base.py:73} INFO - Using connection ID 'postgres_default' for task execution.
[2023-06-15T10:34:17.734+0000] {base.py:73} INFO - Using connection ID 'postgres_default' for task execution.
[2023-06-15T10:34:17.749+0000] {sql.py:364} INFO - Running statement: 
            CREATE TABLE IF NOT EXISTS timestamps (
                curr_time TIMESTAMP
            );
        , parameters: None
[2023-06-15T10:34:17.778+0000] {taskinstance.py:1327} INFO - Marking task as SUCCESS. dag_id=postgres_task, task_id=create_table, execution_date=20230615T103416, start_date=20230615T103417, end_date=20230615T103417
[2023-06-15T10:34:17.851+0000] {local_task_job.py:159} INFO - Task exited with return code 0
[2023-06-15T10:34:17.878+0000] {taskinstance.py:2582} INFO - 1 downstream tasks scheduled from follow-on schedule check
