[2023-06-15T10:36:42.563+0000] {taskinstance.py:1087} INFO - Dependencies all met for <TaskInstance: postgres_task.create_table manual__2023-06-15T10:36:41.159144+00:00 [queued]>
[2023-06-15T10:36:42.573+0000] {taskinstance.py:1087} INFO - Dependencies all met for <TaskInstance: postgres_task.create_table manual__2023-06-15T10:36:41.159144+00:00 [queued]>
[2023-06-15T10:36:42.575+0000] {taskinstance.py:1283} INFO - 
--------------------------------------------------------------------------------
[2023-06-15T10:36:42.577+0000] {taskinstance.py:1284} INFO - Starting attempt 1 of 1
[2023-06-15T10:36:42.579+0000] {taskinstance.py:1285} INFO - 
--------------------------------------------------------------------------------
[2023-06-15T10:36:42.594+0000] {taskinstance.py:1304} INFO - Executing <Task(PostgresOperator): create_table> on 2023-06-15 10:36:41.159144+00:00
[2023-06-15T10:36:42.601+0000] {standard_task_runner.py:55} INFO - Started process 578 to run task
[2023-06-15T10:36:42.607+0000] {standard_task_runner.py:82} INFO - Running: ['***', 'tasks', 'run', 'postgres_task', 'create_table', 'manual__2023-06-15T10:36:41.159144+00:00', '--job-id', '38', '--raw', '--subdir', 'DAGS_FOLDER/postgres.py', '--cfg-path', '/tmp/tmpcz2ju54n']
[2023-06-15T10:36:42.615+0000] {standard_task_runner.py:83} INFO - Job 38: Subtask create_table
[2023-06-15T10:36:42.693+0000] {task_command.py:389} INFO - Running <TaskInstance: postgres_task.create_table manual__2023-06-15T10:36:41.159144+00:00 [running]> on host 33b865d2e169
[2023-06-15T10:36:42.761+0000] {taskinstance.py:1513} INFO - Exporting the following env vars:
AIRFLOW_CTX_DAG_OWNER=***
AIRFLOW_CTX_DAG_ID=postgres_task
AIRFLOW_CTX_TASK_ID=create_table
AIRFLOW_CTX_EXECUTION_DATE=2023-06-15T10:36:41.159144+00:00
AIRFLOW_CTX_TRY_NUMBER=1
AIRFLOW_CTX_DAG_RUN_ID=manual__2023-06-15T10:36:41.159144+00:00
[2023-06-15T10:36:42.763+0000] {sql.py:253} INFO - Executing: 
            CREATE TABLE IF NOT EXISTS postgres_table (
                curr_time TIMESTAMP
            );
        
[2023-06-15T10:36:42.773+0000] {base.py:73} INFO - Using connection ID 'postgres_default' for task execution.
[2023-06-15T10:36:42.933+0000] {base.py:73} INFO - Using connection ID 'postgres_default' for task execution.
[2023-06-15T10:36:42.940+0000] {sql.py:364} INFO - Running statement: 
            CREATE TABLE IF NOT EXISTS postgres_table (
                curr_time TIMESTAMP
            );
        , parameters: None
[2023-06-15T10:36:42.958+0000] {taskinstance.py:1327} INFO - Marking task as SUCCESS. dag_id=postgres_task, task_id=create_table, execution_date=20230615T103641, start_date=20230615T103642, end_date=20230615T103642
[2023-06-15T10:36:43.020+0000] {local_task_job.py:159} INFO - Task exited with return code 0
[2023-06-15T10:36:43.043+0000] {taskinstance.py:2582} INFO - 0 downstream tasks scheduled from follow-on schedule check
